Command line invocation:
    /Applications/Xcode.app/Contents/Developer/usr/bin/xcodebuild -workspace Tweet.xcworkspace -scheme Tweet -configuration Debug -sdk iphonesimulator -destination "platform=iOS Simulator,name=iPhone 17 Pro,OS=26.2" build

Build settings from command line:
    SDKROOT = iphonesimulator26.2

ComputePackagePrebuildTargetDependencyGraph

Prepare packages

CreateBuildRequest

SendProjectDescription

CreateBuildOperation

ComputeTargetDependencyGraph
note: Building targets in dependency order
note: Target dependency graph (8 targets)
    Target 'Tweet' in project 'Tweet'
        ➜ Implicit dependency on target 'Pods-Tweet' in project 'Pods' via file 'Pods_Tweet.framework' in build phase 'Link Binary'
        ➜ Implicit dependency on target 'SDWebImage' in project 'Pods' via options '-framework SDWebImage' in build setting 'OTHER_LDFLAGS'
        ➜ Implicit dependency on target 'SDWebImageSwiftUI' in project 'Pods' via options '-framework SDWebImageSwiftUI' in build setting 'OTHER_LDFLAGS'
        ➜ Implicit dependency on target 'hprose' in project 'Pods' via options '-framework hprose' in build setting 'OTHER_LDFLAGS'
    Target 'Pods-Tweet' in project 'Pods'
        ➜ Explicit dependency on target 'SDWebImage' in project 'Pods'
        ➜ Explicit dependency on target 'SDWebImageSwiftUI' in project 'Pods'
        ➜ Explicit dependency on target 'ffmpeg-kit-ios' in project 'Pods'
        ➜ Explicit dependency on target 'hprose' in project 'Pods'
    Target 'hprose' in project 'Pods' (no dependencies)
    Target 'ffmpeg-kit-ios' in project 'Pods' (no dependencies)
    Target 'SDWebImageSwiftUI' in project 'Pods'
        ➜ Explicit dependency on target 'SDWebImage' in project 'Pods'
        ➜ Explicit dependency on target 'SDWebImageSwiftUI-SDWebImageSwiftUI' in project 'Pods'
    Target 'SDWebImageSwiftUI-SDWebImageSwiftUI' in project 'Pods'
        ➜ Implicit dependency on target 'SDWebImage' in project 'Pods' via options '-framework SDWebImage' in build setting 'OTHER_LDFLAGS'
    Target 'SDWebImage' in project 'Pods'
        ➜ Explicit dependency on target 'SDWebImage-SDWebImage' in project 'Pods'
    Target 'SDWebImage-SDWebImage' in project 'Pods' (no dependencies)

GatherProvisioningInputs

CreateBuildDescription

ExecuteExternalTool /Applications/Xcode.app/Contents/Developer/Toolchains/XcodeDefault.xctoolchain/usr/bin/clang -v -E -dM -isysroot /Applications/Xcode.app/Contents/Developer/Platforms/iPhoneSimulator.platform/Developer/SDKs/iPhoneSimulator26.2.sdk -x c -c /dev/null

ExecuteExternalTool /Applications/Xcode.app/Contents/Developer/Toolchains/XcodeDefault.xctoolchain/usr/bin/clang -v -E -dM -arch arm64 -isysroot /Applications/Xcode.app/Contents/Developer/Platforms/iPhoneSimulator.platform/Developer/SDKs/iPhoneSimulator26.2.sdk -x c -c /dev/null

ExecuteExternalTool /Applications/Xcode.app/Contents/Developer/usr/bin/momc --dry-run --action generate --swift-version 5.0 --sdkroot /Applications/Xcode.app/Contents/Developer/Platforms/iPhoneSimulator.platform/Developer/SDKs/iPhoneSimulator26.2.sdk --iphonesimulator-deployment-target 18.0 --module Tweet /Users/cfa532/Documents/GitHub/Tweet-iOS/TweetModel.xcdatamodeld /Users/cfa532/Library/Developer/Xcode/DerivedData/Tweet-errgxdroldfumhdkieiumjzyonvv/Build/Intermediates.noindex/Tweet.build/Debug-iphonesimulator/Tweet.build/DerivedSources/CoreDataGenerated/TweetModel

ExecuteExternalTool /Applications/Xcode.app/Contents/Developer/usr/bin/actool --print-asset-tag-combinations --output-format xml1 /Users/cfa532/Documents/GitHub/Tweet-iOS/Tweet/Preview Content/Assets.xcassets /Users/cfa532/Documents/GitHub/Tweet-iOS/Tweet/Assets.xcassets

ExecuteExternalTool /Applications/Xcode.app/Contents/Developer/Toolchains/XcodeDefault.xctoolchain/usr/bin/clang -v -E -dM -arch arm64 -isysroot /Applications/Xcode.app/Contents/Developer/Platforms/iPhoneSimulator.platform/Developer/SDKs/iPhoneSimulator26.2.sdk -x objective-c -c /dev/null

ExecuteExternalTool /Applications/Xcode.app/Contents/Developer/Toolchains/XcodeDefault.xctoolchain/usr/bin/swiftc --version

ExecuteExternalTool /Applications/Xcode.app/Contents/Developer/Toolchains/XcodeDefault.xctoolchain/usr/bin/libtool -V

ExecuteExternalTool /Applications/Xcode.app/Contents/Developer/Toolchains/XcodeDefault.xctoolchain/usr/bin/ld -version_details

ExecuteExternalTool /Applications/Xcode.app/Contents/Developer/Toolchains/XcodeDefault.xctoolchain/usr/bin/clang -v -E -dM -arch x86_64 -isysroot /Applications/Xcode.app/Contents/Developer/Platforms/iPhoneSimulator.platform/Developer/SDKs/iPhoneSimulator26.2.sdk -x c -c /dev/null

ExecuteExternalTool /Applications/Xcode.app/Contents/Developer/Toolchains/XcodeDefault.xctoolchain/usr/bin/clang -v -E -dM -arch x86_64 -isysroot /Applications/Xcode.app/Contents/Developer/Platforms/iPhoneSimulator.platform/Developer/SDKs/iPhoneSimulator26.2.sdk -x objective-c -c /dev/null

ExecuteExternalTool /Applications/Xcode.app/Contents/Developer/usr/bin/actool --version --output-format xml1

Build description signature: efcabea19f6ae3251ace80fe60bca741
Build description path: /Users/cfa532/Library/Developer/Xcode/DerivedData/Tweet-errgxdroldfumhdkieiumjzyonvv/Build/Intermediates.noindex/XCBuildData/efcabea19f6ae3251ace80fe60bca741.xcbuilddata
ClangStatCache /Applications/Xcode.app/Contents/Developer/Toolchains/XcodeDefault.xctoolchain/usr/bin/clang-stat-cache /Applications/Xcode.app/Contents/Developer/Platforms/iPhoneSimulator.platform/Developer/SDKs/iPhoneSimulator26.2.sdk /Users/cfa532/Library/Developer/Xcode/DerivedData/SDKStatCaches.noindex/iphonesimulator26.2-23C53-7d00a8b37fbd7999ea79df8ebc024bf0.sdkstatcache
    cd /Users/cfa532/Documents/GitHub/Tweet-iOS
    /Applications/Xcode.app/Contents/Developer/Toolchains/XcodeDefault.xctoolchain/usr/bin/clang-stat-cache /Applications/Xcode.app/Contents/Developer/Platforms/iPhoneSimulator.platform/Developer/SDKs/iPhoneSimulator26.2.sdk -o /Users/cfa532/Library/Developer/Xcode/DerivedData/SDKStatCaches.noindex/iphonesimulator26.2-23C53-7d00a8b37fbd7999ea79df8ebc024bf0.sdkstatcache

PhaseScriptExecution [CP]\ Copy\ XCFrameworks /Users/cfa532/Library/Developer/Xcode/DerivedData/Tweet-errgxdroldfumhdkieiumjzyonvv/Build/Intermediates.noindex/Pods.build/Debug-iphonesimulator/ffmpeg-kit-ios.build/Script-082C68DA05B2FC4B432459B05CE1037A.sh (in target 'ffmpeg-kit-ios' from project 'Pods')
    cd /Users/cfa532/Documents/GitHub/Tweet-iOS/Pods
    /bin/sh -c /Users/cfa532/Library/Developer/Xcode/DerivedData/Tweet-errgxdroldfumhdkieiumjzyonvv/Build/Intermediates.noindex/Pods.build/Debug-iphonesimulator/ffmpeg-kit-ios.build/Script-082C68DA05B2FC4B432459B05CE1037A.sh
Selected xcframework slice ios-arm64_x86_64-simulator
rsync --delete -av --filter P .*.?????? --links --filter "- CVS/" --filter "- .svn/" --filter "- .git/" --filter "- .hg/" "/Users/cfa532/Documents/GitHub/Tweet-iOS/Pods/ffmpeg-kit-ios/Frameworks/ffmpegkit.xcframework/ios-arm64_x86_64-simulator/*" "/Users/cfa532/Library/Developer/Xcode/DerivedData/Tweet-errgxdroldfumhdkieiumjzyonvv/Build/Products/Debug-iphonesimulator/XCFrameworkIntermediates/ffmpeg-kit-ios"
Transfer starting: 44 files

sent 3074 bytes  received 20 bytes  606666 bytes/sec
total size is 1416597  speedup is 457.85
Copied /Users/cfa532/Documents/GitHub/Tweet-iOS/Pods/ffmpeg-kit-ios/Frameworks/ffmpegkit.xcframework/ios-arm64_x86_64-simulator to /Users/cfa532/Library/Developer/Xcode/DerivedData/Tweet-errgxdroldfumhdkieiumjzyonvv/Build/Products/Debug-iphonesimulator/XCFrameworkIntermediates/ffmpeg-kit-ios
Selected xcframework slice ios-arm64_x86_64-simulator
rsync --delete -av --filter P .*.?????? --links --filter "- CVS/" --filter "- .svn/" --filter "- .git/" --filter "- .hg/" "/Users/cfa532/Documents/GitHub/Tweet-iOS/Pods/ffmpeg-kit-ios/Frameworks/libavcodec.xcframework/ios-arm64_x86_64-simulator/*" "/Users/cfa532/Library/Developer/Xcode/DerivedData/Tweet-errgxdroldfumhdkieiumjzyonvv/Build/Products/Debug-iphonesimulator/XCFrameworkIntermediates/ffmpeg-kit-ios"
Transfer starting: 72 files

sent 4503 bytes  received 20 bytes  886862 bytes/sec
total size is 39942720  speedup is 8831.02
Copied /Users/cfa532/Documents/GitHub/Tweet-iOS/Pods/ffmpeg-kit-ios/Frameworks/libavcodec.xcframework/ios-arm64_x86_64-simulator to /Users/cfa532/Library/Developer/Xcode/DerivedData/Tweet-errgxdroldfumhdkieiumjzyonvv/Build/Products/Debug-iphonesimulator/XCFrameworkIntermediates/ffmpeg-kit-ios
Selected xcframework slice ios-arm64_x86_64-simulator
rsync --delete -av --filter P .*.?????? --links --filter "- CVS/" --filter "- .svn/" --filter "- .git/" --filter "- .hg/" "/Users/cfa532/Documents/GitHub/Tweet-iOS/Pods/ffmpeg-kit-ios/Frameworks/libavdevice.xcframework/ios-arm64_x86_64-simulator/*" "/Users/cfa532/Library/Developer/Xcode/DerivedData/Tweet-errgxdroldfumhdkieiumjzyonvv/Build/Products/Debug-iphonesimulator/XCFrameworkIntermediates/ffmpeg-kit-ios"
Transfer starting: 8 files

sent 579 bytes  received 20 bytes  193225 bytes/sec
total size is 215356  speedup is 359.53
Copied /Users/cfa532/Documents/GitHub/Tweet-iOS/Pods/ffmpeg-kit-ios/Frameworks/libavdevice.xcframework/ios-arm64_x86_64-simulator to /Users/cfa532/Library/Developer/Xcode/DerivedData/Tweet-errgxdroldfumhdkieiumjzyonvv/Build/Products/Debug-iphonesimulator/XCFrameworkIntermediates/ffmpeg-kit-ios
Selected xcframework slice ios-arm64_x86_64-simulator
rsync --delete -av --filter P .*.?????? --links --filter "- CVS/" --filter "- .svn/" --filter "- .git/" --filter "- .hg/" "/Users/cfa532/Documents/GitHub/Tweet-iOS/Pods/ffmpeg-kit-ios/Frameworks/libavfilter.xcframework/ios-arm64_x86_64-simulator/*" "/Users/cfa532/Library/Developer/Xcode/DerivedData/Tweet-errgxdroldfumhdkieiumjzyonvv/Build/Products/Debug-iphonesimulator/XCFrameworkIntermediates/ffmpeg-kit-ios"
Transfer starting: 10 files

sent 712 bytes  received 20 bytes  665454 bytes/sec
total size is 10700498  speedup is 14618.15
Copied /Users/cfa532/Documents/GitHub/Tweet-iOS/Pods/ffmpeg-kit-ios/Frameworks/libavfilter.xcframework/ios-arm64_x86_64-simulator to /Users/cfa532/Library/Developer/Xcode/DerivedData/Tweet-errgxdroldfumhdkieiumjzyonvv/Build/Products/Debug-iphonesimulator/XCFrameworkIntermediates/ffmpeg-kit-ios
Selected xcframework slice ios-arm64_x86_64-simulator
rsync --delete -av --filter P .*.?????? --links --filter "- CVS/" --filter "- .svn/" --filter "- .git/" --filter "- .hg/" "/Users/cfa532/Documents/GitHub/Tweet-iOS/Pods/ffmpeg-kit-ios/Frameworks/libavformat.xcframework/ios-arm64_x86_64-simulator/*" "/Users/cfa532/Library/Developer/Xcode/DerivedData/Tweet-errgxdroldfumhdkieiumjzyonvv/Build/Products/Debug-iphonesimulator/XCFrameworkIntermediates/ffmpeg-kit-ios"
Transfer starting: 12 files

sent 831 bytes  received 20 bytes  405238 bytes/sec
total size is 8942479  speedup is 10508.19
Copied /Users/cfa532/Documents/GitHub/Tweet-iOS/Pods/ffmpeg-kit-ios/Frameworks/libavformat.xcframework/ios-arm64_x86_64-simulator to /Users/cfa532/Library/Developer/Xcode/DerivedData/Tweet-errgxdroldfumhdkieiumjzyonvv/Build/Products/Debug-iphonesimulator/XCFrameworkIntermediates/ffmpeg-kit-ios
Selected xcframework slice ios-arm64_x86_64-simulator
rsync --delete -av --filter P .*.?????? --links --filter "- CVS/" --filter "- .svn/" --filter "- .git/" --filter "- .hg/" "/Users/cfa532/Documents/GitHub/Tweet-iOS/Pods/ffmpeg-kit-ios/Frameworks/libavutil.xcframework/ios-arm64_x86_64-simulator/*" "/Users/cfa532/Library/Developer/Xcode/DerivedData/Tweet-errgxdroldfumhdkieiumjzyonvv/Build/Products/Debug-iphonesimulator/XCFrameworkIntermediates/ffmpeg-kit-ios"
Transfer starting: 112 files

sent 7180 bytes  received 20 bytes  1180327 bytes/sec
total size is 1741424  speedup is 241.86
Copied /Users/cfa532/Documents/GitHub/Tweet-iOS/Pods/ffmpeg-kit-ios/Frameworks/libavutil.xcframework/ios-arm64_x86_64-simulator to /Users/cfa532/Library/Developer/Xcode/DerivedData/Tweet-errgxdroldfumhdkieiumjzyonvv/Build/Products/Debug-iphonesimulator/XCFrameworkIntermediates/ffmpeg-kit-ios
Selected xcframework slice ios-arm64_x86_64-simulator
rsync --delete -av --filter P .*.?????? --links --filter "- CVS/" --filter "- .svn/" --filter "- .git/" --filter "- .hg/" "/Users/cfa532/Documents/GitHub/Tweet-iOS/Pods/ffmpeg-kit-ios/Frameworks/libswresample.xcframework/ios-arm64_x86_64-simulator/*" "/Users/cfa532/Library/Developer/Xcode/DerivedData/Tweet-errgxdroldfumhdkieiumjzyonvv/Build/Products/Debug-iphonesimulator/XCFrameworkIntermediates/ffmpeg-kit-ios"
Transfer starting: 8 files

sent 599 bytes  received 20 bytes  562727 bytes/sec
total size is 645850  speedup is 1043.37
Copied /Users/cfa532/Documents/GitHub/Tweet-iOS/Pods/ffmpeg-kit-ios/Frameworks/libswresample.xcframework/ios-arm64_x86_64-simulator to /Users/cfa532/Library/Developer/Xcode/DerivedData/Tweet-errgxdroldfumhdkieiumjzyonvv/Build/Products/Debug-iphonesimulator/XCFrameworkIntermediates/ffmpeg-kit-ios
Selected xcframework slice ios-arm64_x86_64-simulator
rsync --delete -av --filter P .*.?????? --links --filter "- CVS/" --filter "- .svn/" --filter "- .git/" --filter "- .hg/" "/Users/cfa532/Documents/GitHub/Tweet-iOS/Pods/ffmpeg-kit-ios/Frameworks/libswscale.xcframework/ios-arm64_x86_64-simulator/*" "/Users/cfa532/Library/Developer/Xcode/DerivedData/Tweet-errgxdroldfumhdkieiumjzyonvv/Build/Products/Debug-iphonesimulator/XCFrameworkIntermediates/ffmpeg-kit-ios"
Transfer starting: 8 files

sent 569 bytes  received 20 bytes  535454 bytes/sec
total size is 768450  speedup is 1304.67
Copied /Users/cfa532/Documents/GitHub/Tweet-iOS/Pods/ffmpeg-kit-ios/Frameworks/libswscale.xcframework/ios-arm64_x86_64-simulator to /Users/cfa532/Library/Developer/Xcode/DerivedData/Tweet-errgxdroldfumhdkieiumjzyonvv/Build/Products/Debug-iphonesimulator/XCFrameworkIntermediates/ffmpeg-kit-ios

ProcessInfoPlistFile /Users/cfa532/Library/Developer/Xcode/DerivedData/Tweet-errgxdroldfumhdkieiumjzyonvv/Build/Products/Debug-iphonesimulator/hprose/hprose.framework/Info.plist /Users/cfa532/Documents/GitHub/Tweet-iOS/Pods/Target\ Support\ Files/hprose/hprose-Info.plist (in target 'hprose' from project 'Pods')
    cd /Users/cfa532/Documents/GitHub/Tweet-iOS/Pods
    builtin-infoPlistUtility /Users/cfa532/Documents/GitHub/Tweet-iOS/Pods/Target\ Support\ Files/hprose/hprose-Info.plist -producttype com.apple.product-type.framework -expandbuildsettings -format binary -platform iphonesimulator -o /Users/cfa532/Library/Developer/Xcode/DerivedData/Tweet-errgxdroldfumhdkieiumjzyonvv/Build/Products/Debug-iphonesimulator/hprose/hprose.framework/Info.plist

ProcessInfoPlistFile /Users/cfa532/Library/Developer/Xcode/DerivedData/Tweet-errgxdroldfumhdkieiumjzyonvv/Build/Products/Debug-iphonesimulator/SDWebImage/SDWebImage.bundle/Info.plist /Users/cfa532/Documents/GitHub/Tweet-iOS/Pods/Target\ Support\ Files/SDWebImage/ResourceBundle-SDWebImage-SDWebImage-Info.plist (in target 'SDWebImage-SDWebImage' from project 'Pods')
    cd /Users/cfa532/Documents/GitHub/Tweet-iOS/Pods
    builtin-infoPlistUtility /Users/cfa532/Documents/GitHub/Tweet-iOS/Pods/Target\ Support\ Files/SDWebImage/ResourceBundle-SDWebImage-SDWebImage-Info.plist -producttype com.apple.product-type.bundle -expandbuildsettings -format binary -platform iphonesimulator -o /Users/cfa532/Library/Developer/Xcode/DerivedData/Tweet-errgxdroldfumhdkieiumjzyonvv/Build/Products/Debug-iphonesimulator/SDWebImage/SDWebImage.bundle/Info.plist

warning: Run script build phase 'Use debug InfoPlist.strings' will be run during every build because it does not specify any outputs. To address this issue, either add output dependencies to the script phase, or configure it to run in every build by unchecking "Based on dependency analysis" in the script phase. (in target 'Tweet' from project 'Tweet')
ProcessProductPackaging "" /Users/cfa532/Library/Developer/Xcode/DerivedData/Tweet-errgxdroldfumhdkieiumjzyonvv/Build/Intermediates.noindex/Tweet.build/Debug-iphonesimulator/Tweet.build/Tweet.app-Simulated.xcent (in target 'Tweet' from project 'Tweet')
    cd /Users/cfa532/Documents/GitHub/Tweet-iOS
    
    Entitlements:
    
    {
    "application-identifier" = "96LBXG78A7.com.example.Tweet.debug";
}
    
    builtin-productPackagingUtility -entitlements -format xml -o /Users/cfa532/Library/Developer/Xcode/DerivedData/Tweet-errgxdroldfumhdkieiumjzyonvv/Build/Intermediates.noindex/Tweet.build/Debug-iphonesimulator/Tweet.build/Tweet.app-Simulated.xcent

ProcessProductPackagingDER /Users/cfa532/Library/Developer/Xcode/DerivedData/Tweet-errgxdroldfumhdkieiumjzyonvv/Build/Intermediates.noindex/Tweet.build/Debug-iphonesimulator/Tweet.build/Tweet.app-Simulated.xcent /Users/cfa532/Library/Developer/Xcode/DerivedData/Tweet-errgxdroldfumhdkieiumjzyonvv/Build/Intermediates.noindex/Tweet.build/Debug-iphonesimulator/Tweet.build/Tweet.app-Simulated.xcent.der (in target 'Tweet' from project 'Tweet')
    cd /Users/cfa532/Documents/GitHub/Tweet-iOS
    /usr/bin/derq query -f xml -i /Users/cfa532/Library/Developer/Xcode/DerivedData/Tweet-errgxdroldfumhdkieiumjzyonvv/Build/Intermediates.noindex/Tweet.build/Debug-iphonesimulator/Tweet.build/Tweet.app-Simulated.xcent -o /Users/cfa532/Library/Developer/Xcode/DerivedData/Tweet-errgxdroldfumhdkieiumjzyonvv/Build/Intermediates.noindex/Tweet.build/Debug-iphonesimulator/Tweet.build/Tweet.app-Simulated.xcent.der --raw

ProcessInfoPlistFile /Users/cfa532/Library/Developer/Xcode/DerivedData/Tweet-errgxdroldfumhdkieiumjzyonvv/Build/Products/Debug-iphonesimulator/SDWebImage/SDWebImage.framework/Info.plist /Users/cfa532/Documents/GitHub/Tweet-iOS/Pods/Target\ Support\ Files/SDWebImage/SDWebImage-Info.plist (in target 'SDWebImage' from project 'Pods')
    cd /Users/cfa532/Documents/GitHub/Tweet-iOS/Pods
    builtin-infoPlistUtility /Users/cfa532/Documents/GitHub/Tweet-iOS/Pods/Target\ Support\ Files/SDWebImage/SDWebImage-Info.plist -producttype com.apple.product-type.framework -expandbuildsettings -format binary -platform iphonesimulator -o /Users/cfa532/Library/Developer/Xcode/DerivedData/Tweet-errgxdroldfumhdkieiumjzyonvv/Build/Products/Debug-iphonesimulator/SDWebImage/SDWebImage.framework/Info.plist

ProcessInfoPlistFile /Users/cfa532/Library/Developer/Xcode/DerivedData/Tweet-errgxdroldfumhdkieiumjzyonvv/Build/Products/Debug-iphonesimulator/SDWebImageSwiftUI/SDWebImageSwiftUI.bundle/Info.plist /Users/cfa532/Documents/GitHub/Tweet-iOS/Pods/Target\ Support\ Files/SDWebImageSwiftUI/ResourceBundle-SDWebImageSwiftUI-SDWebImageSwiftUI-Info.plist (in target 'SDWebImageSwiftUI-SDWebImageSwiftUI' from project 'Pods')
    cd /Users/cfa532/Documents/GitHub/Tweet-iOS/Pods
    builtin-infoPlistUtility /Users/cfa532/Documents/GitHub/Tweet-iOS/Pods/Target\ Support\ Files/SDWebImageSwiftUI/ResourceBundle-SDWebImageSwiftUI-SDWebImageSwiftUI-Info.plist -producttype com.apple.product-type.bundle -expandbuildsettings -format binary -platform iphonesimulator -o /Users/cfa532/Library/Developer/Xcode/DerivedData/Tweet-errgxdroldfumhdkieiumjzyonvv/Build/Products/Debug-iphonesimulator/SDWebImageSwiftUI/SDWebImageSwiftUI.bundle/Info.plist

ProcessInfoPlistFile /Users/cfa532/Library/Developer/Xcode/DerivedData/Tweet-errgxdroldfumhdkieiumjzyonvv/Build/Products/Debug-iphonesimulator/SDWebImageSwiftUI/SDWebImageSwiftUI.framework/Info.plist /Users/cfa532/Documents/GitHub/Tweet-iOS/Pods/Target\ Support\ Files/SDWebImageSwiftUI/SDWebImageSwiftUI-Info.plist (in target 'SDWebImageSwiftUI' from project 'Pods')
    cd /Users/cfa532/Documents/GitHub/Tweet-iOS/Pods
    builtin-infoPlistUtility /Users/cfa532/Documents/GitHub/Tweet-iOS/Pods/Target\ Support\ Files/SDWebImageSwiftUI/SDWebImageSwiftUI-Info.plist -producttype com.apple.product-type.framework -expandbuildsettings -format binary -platform iphonesimulator -o /Users/cfa532/Library/Developer/Xcode/DerivedData/Tweet-errgxdroldfumhdkieiumjzyonvv/Build/Products/Debug-iphonesimulator/SDWebImageSwiftUI/SDWebImageSwiftUI.framework/Info.plist

ProcessInfoPlistFile /Users/cfa532/Library/Developer/Xcode/DerivedData/Tweet-errgxdroldfumhdkieiumjzyonvv/Build/Products/Debug-iphonesimulator/Pods_Tweet.framework/Info.plist /Users/cfa532/Documents/GitHub/Tweet-iOS/Pods/Target\ Support\ Files/Pods-Tweet/Pods-Tweet-Info.plist (in target 'Pods-Tweet' from project 'Pods')
    cd /Users/cfa532/Documents/GitHub/Tweet-iOS/Pods
    builtin-infoPlistUtility /Users/cfa532/Documents/GitHub/Tweet-iOS/Pods/Target\ Support\ Files/Pods-Tweet/Pods-Tweet-Info.plist -producttype com.apple.product-type.framework -expandbuildsettings -format binary -platform iphonesimulator -o /Users/cfa532/Library/Developer/Xcode/DerivedData/Tweet-errgxdroldfumhdkieiumjzyonvv/Build/Products/Debug-iphonesimulator/Pods_Tweet.framework/Info.plist

PhaseScriptExecution [CP]\ Check\ Pods\ Manifest.lock /Users/cfa532/Library/Developer/Xcode/DerivedData/Tweet-errgxdroldfumhdkieiumjzyonvv/Build/Intermediates.noindex/Tweet.build/Debug-iphonesimulator/Tweet.build/Script-5499E604271535F4C9305C6D.sh (in target 'Tweet' from project 'Tweet')
    cd /Users/cfa532/Documents/GitHub/Tweet-iOS
    /bin/sh -c /Users/cfa532/Library/Developer/Xcode/DerivedData/Tweet-errgxdroldfumhdkieiumjzyonvv/Build/Intermediates.noindex/Tweet.build/Debug-iphonesimulator/Tweet.build/Script-5499E604271535F4C9305C6D.sh

CopyStringsFile /Users/cfa532/Library/Developer/Xcode/DerivedData/Tweet-errgxdroldfumhdkieiumjzyonvv/Build/Products/Debug-iphonesimulator/Tweet.app/ja.lproj/InfoPlist.strings /Users/cfa532/Documents/GitHub/Tweet-iOS/Tweet/ja.lproj/InfoPlist.strings (in target 'Tweet' from project 'Tweet')
    cd /Users/cfa532/Documents/GitHub/Tweet-iOS
    builtin-copyStrings --validate --outputencoding binary --outfilename InfoPlist.strings --outdir /Users/cfa532/Library/Developer/Xcode/DerivedData/Tweet-errgxdroldfumhdkieiumjzyonvv/Build/Products/Debug-iphonesimulator/Tweet.app/ja.lproj -- /Users/cfa532/Documents/GitHub/Tweet-iOS/Tweet/ja.lproj/InfoPlist.strings
/Users/cfa532/Documents/GitHub/Tweet-iOS/Tweet/ja.lproj/InfoPlist.strings:1:1: note: detected encoding of input file as Unicode (UTF-8) (in target 'Tweet' from project 'Tweet')

CompileAssetCatalogVariant thinned /Users/cfa532/Library/Developer/Xcode/DerivedData/Tweet-errgxdroldfumhdkieiumjzyonvv/Build/Products/Debug-iphonesimulator/Tweet.app /Users/cfa532/Documents/GitHub/Tweet-iOS/Tweet/Preview\ Content/Assets.xcassets /Users/cfa532/Documents/GitHub/Tweet-iOS/Tweet/Assets.xcassets (in target 'Tweet' from project 'Tweet')
    cd /Users/cfa532/Documents/GitHub/Tweet-iOS
    /Applications/Xcode.app/Contents/Developer/usr/bin/actool /Users/cfa532/Documents/GitHub/Tweet-iOS/Tweet/Preview\ Content/Assets.xcassets /Users/cfa532/Documents/GitHub/Tweet-iOS/Tweet/Assets.xcassets --compile /Users/cfa532/Library/Developer/Xcode/DerivedData/Tweet-errgxdroldfumhdkieiumjzyonvv/Build/Intermediates.noindex/Tweet.build/Debug-iphonesimulator/Tweet.build/assetcatalog_output/thinned --output-format human-readable-text --notices --warnings --export-dependency-info /Users/cfa532/Library/Developer/Xcode/DerivedData/Tweet-errgxdroldfumhdkieiumjzyonvv/Build/Intermediates.noindex/Tweet.build/Debug-iphonesimulator/Tweet.build/assetcatalog_dependencies_thinned --output-partial-info-plist /Users/cfa532/Library/Developer/Xcode/DerivedData/Tweet-errgxdroldfumhdkieiumjzyonvv/Build/Intermediates.noindex/Tweet.build/Debug-iphonesimulator/Tweet.build/assetcatalog_generated_info.plist_thinned --app-icon AppIcon --accent-color AccentColor --compress-pngs --enable-on-demand-resources YES --filter-for-thinning-device-configuration iPhone18,1 --filter-for-device-os-version 26.2 --development-region en --target-device iphone --target-device ipad --minimum-deployment-target 18.0 --platform iphonesimulator
/* com.apple.actool.document.notices */
/Users/cfa532/Documents/GitHub/Tweet-iOS/Tweet/Assets.xcassets:./AppIcon.appiconset/[][ipad][76x76][][][1x][][][][]: notice: 76x76@1x app icons only apply to iPad apps targeting releases of iOS prior to 10.0.
/* com.apple.actool.compilation-results */
/Users/cfa532/Library/Developer/Xcode/DerivedData/Tweet-errgxdroldfumhdkieiumjzyonvv/Build/Intermediates.noindex/Tweet.build/Debug-iphonesimulator/Tweet.build/assetcatalog_generated_info.plist_thinned
/Users/cfa532/Library/Developer/Xcode/DerivedData/Tweet-errgxdroldfumhdkieiumjzyonvv/Build/Intermediates.noindex/Tweet.build/Debug-iphonesimulator/Tweet.build/assetcatalog_output/thinned/AppIcon60x60@2x.png
/Users/cfa532/Library/Developer/Xcode/DerivedData/Tweet-errgxdroldfumhdkieiumjzyonvv/Build/Intermediates.noindex/Tweet.build/Debug-iphonesimulator/Tweet.build/assetcatalog_output/thinned/AppIcon76x76@2x~ipad.png
/Users/cfa532/Library/Developer/Xcode/DerivedData/Tweet-errgxdroldfumhdkieiumjzyonvv/Build/Intermediates.noindex/Tweet.build/Debug-iphonesimulator/Tweet.build/assetcatalog_output/thinned/Assets.car


CopyStringsFile /Users/cfa532/Library/Developer/Xcode/DerivedData/Tweet-errgxdroldfumhdkieiumjzyonvv/Build/Products/Debug-iphonesimulator/Tweet.app/en.lproj/InfoPlist.strings /Users/cfa532/Documents/GitHub/Tweet-iOS/Tweet/en.lproj/InfoPlist.strings (in target 'Tweet' from project 'Tweet')
    cd /Users/cfa532/Documents/GitHub/Tweet-iOS
    builtin-copyStrings --validate --outputencoding binary --outfilename InfoPlist.strings --outdir /Users/cfa532/Library/Developer/Xcode/DerivedData/Tweet-errgxdroldfumhdkieiumjzyonvv/Build/Products/Debug-iphonesimulator/Tweet.app/en.lproj -- /Users/cfa532/Documents/GitHub/Tweet-iOS/Tweet/en.lproj/InfoPlist.strings
/Users/cfa532/Documents/GitHub/Tweet-iOS/Tweet/en.lproj/InfoPlist.strings:1:1: note: detected encoding of input file as Unicode (UTF-8) (in target 'Tweet' from project 'Tweet')

CopyStringsFile /Users/cfa532/Library/Developer/Xcode/DerivedData/Tweet-errgxdroldfumhdkieiumjzyonvv/Build/Products/Debug-iphonesimulator/Tweet.app/zh-Hans.lproj/InfoPlist.strings /Users/cfa532/Documents/GitHub/Tweet-iOS/Tweet/zh-Hans.lproj/InfoPlist.strings (in target 'Tweet' from project 'Tweet')
    cd /Users/cfa532/Documents/GitHub/Tweet-iOS
    builtin-copyStrings --validate --outputencoding binary --outfilename InfoPlist.strings --outdir /Users/cfa532/Library/Developer/Xcode/DerivedData/Tweet-errgxdroldfumhdkieiumjzyonvv/Build/Products/Debug-iphonesimulator/Tweet.app/zh-Hans.lproj -- /Users/cfa532/Documents/GitHub/Tweet-iOS/Tweet/zh-Hans.lproj/InfoPlist.strings
/Users/cfa532/Documents/GitHub/Tweet-iOS/Tweet/zh-Hans.lproj/InfoPlist.strings:1:1: note: detected encoding of input file as Unicode (UTF-8) (in target 'Tweet' from project 'Tweet')

SwiftDriver Tweet normal arm64 com.apple.xcode.tools.swift.compiler (in target 'Tweet' from project 'Tweet')
    cd /Users/cfa532/Documents/GitHub/Tweet-iOS
    builtin-SwiftDriver -- /Applications/Xcode.app/Contents/Developer/Toolchains/XcodeDefault.xctoolchain/usr/bin/swiftc -module-name Tweet -Onone -enforce-exclusivity\=checked @/Users/cfa532/Library/Developer/Xcode/DerivedData/Tweet-errgxdroldfumhdkieiumjzyonvv/Build/Intermediates.noindex/Tweet.build/Debug-iphonesimulator/Tweet.build/Objects-normal/arm64/Tweet.SwiftFileList -DDEBUG -D COCOAPODS -enable-bare-slash-regex -enable-experimental-feature DebugDescriptionMacro -sdk /Applications/Xcode.app/Contents/Developer/Platforms/iPhoneSimulator.platform/Developer/SDKs/iPhoneSimulator26.2.sdk -target arm64-apple-ios18.0-simulator -g -module-cache-path /Users/cfa532/Library/Developer/Xcode/DerivedData/ModuleCache.noindex -Xfrontend -serialize-debugging-options -enable-testing -index-store-path /Users/cfa532/Library/Developer/Xcode/DerivedData/Tweet-errgxdroldfumhdkieiumjzyonvv/Index.noindex/DataStore -Xcc -D_LIBCPP_HARDENING_MODE\=_LIBCPP_HARDENING_MODE_DEBUG -swift-version 5 -I /Users/cfa532/Library/Developer/Xcode/DerivedData/Tweet-errgxdroldfumhdkieiumjzyonvv/Build/Products/Debug-iphonesimulator -F /Users/cfa532/Library/Developer/Xcode/DerivedData/Tweet-errgxdroldfumhdkieiumjzyonvv/Build/Products/Debug-iphonesimulator -F /Users/cfa532/Library/Developer/Xcode/DerivedData/Tweet-errgxdroldfumhdkieiumjzyonvv/Build/Products/Debug-iphonesimulator/SDWebImage -F /Users/cfa532/Library/Developer/Xcode/DerivedData/Tweet-errgxdroldfumhdkieiumjzyonvv/Build/Products/Debug-iphonesimulator/SDWebImageSwiftUI -F /Users/cfa532/Library/Developer/Xcode/DerivedData/Tweet-errgxdroldfumhdkieiumjzyonvv/Build/Products/Debug-iphonesimulator/hprose -F /Users/cfa532/Documents/GitHub/Tweet-iOS/Pods/ffmpeg-kit-ios/Frameworks -F /Users/cfa532/Library/Developer/Xcode/DerivedData/Tweet-errgxdroldfumhdkieiumjzyonvv/Build/Products/Debug-iphonesimulator/XCFrameworkIntermediates/ffmpeg-kit-ios -emit-localized-strings -emit-localized-strings-path /Users/cfa532/Library/Developer/Xcode/DerivedData/Tweet-errgxdroldfumhdkieiumjzyonvv/Build/Intermediates.noindex/Tweet.build/Debug-iphonesimulator/Tweet.build/Objects-normal/arm64 -c -j10 -enable-batch-mode -incremental -Xcc -ivfsstatcache -Xcc /Users/cfa532/Library/Developer/Xcode/DerivedData/SDKStatCaches.noindex/iphonesimulator26.2-23C53-7d00a8b37fbd7999ea79df8ebc024bf0.sdkstatcache -output-file-map /Users/cfa532/Library/Developer/Xcode/DerivedData/Tweet-errgxdroldfumhdkieiumjzyonvv/Build/Intermediates.noindex/Tweet.build/Debug-iphonesimulator/Tweet.build/Objects-normal/arm64/Tweet-OutputFileMap.json -use-frontend-parseable-output -save-temps -no-color-diagnostics -serialize-diagnostics -emit-dependencies -emit-module -emit-module-path /Users/cfa532/Library/Developer/Xcode/DerivedData/Tweet-errgxdroldfumhdkieiumjzyonvv/Build/Intermediates.noindex/Tweet.build/Debug-iphonesimulator/Tweet.build/Objects-normal/arm64/Tweet.swiftmodule -validate-clang-modules-once -clang-build-session-file /Users/cfa532/Library/Developer/Xcode/DerivedData/ModuleCache.noindex/Session.modulevalidation -Xcc -I/Users/cfa532/Library/Developer/Xcode/DerivedData/Tweet-errgxdroldfumhdkieiumjzyonvv/Build/Intermediates.noindex/Tweet.build/Debug-iphonesimulator/Tweet.build/swift-overrides.hmap -emit-const-values -Xfrontend -const-gather-protocols-file -Xfrontend /Users/cfa532/Library/Developer/Xcode/DerivedData/Tweet-errgxdroldfumhdkieiumjzyonvv/Build/Intermediates.noindex/Tweet.build/Debug-iphonesimulator/Tweet.build/Objects-normal/arm64/Tweet_const_extract_protocols.json -Xcc -iquote -Xcc /Users/cfa532/Library/Developer/Xcode/DerivedData/Tweet-errgxdroldfumhdkieiumjzyonvv/Build/Intermediates.noindex/Tweet.build/Debug-iphonesimulator/Tweet.build/Tweet-generated-files.hmap -Xcc -I/Users/cfa532/Library/Developer/Xcode/DerivedData/Tweet-errgxdroldfumhdkieiumjzyonvv/Build/Intermediates.noindex/Tweet.build/Debug-iphonesimulator/Tweet.build/Tweet-own-target-headers.hmap -Xcc -I/Users/cfa532/Library/Developer/Xcode/DerivedData/Tweet-errgxdroldfumhdkieiumjzyonvv/Build/Intermediates.noindex/Tweet.build/Debug-iphonesimulator/Tweet.build/Tweet-all-non-framework-target-headers.hmap -Xcc -ivfsoverlay -Xcc /Users/cfa532/Library/Developer/Xcode/DerivedData/Tweet-errgxdroldfumhdkieiumjzyonvv/Build/Intermediates.noindex/Tweet.build/Debug-iphonesimulator/Tweet-14a12892e6aa11019e94b78a816142d9-VFS-iphonesimulator/all-product-headers.yaml -Xcc -iquote -Xcc /Users/cfa532/Library/Developer/Xcode/DerivedData/Tweet-errgxdroldfumhdkieiumjzyonvv/Build/Intermediates.noindex/Tweet.build/Debug-iphonesimulator/Tweet.build/Tweet-project-headers.hmap -Xcc -I/Users/cfa532/Library/Developer/Xcode/DerivedData/Tweet-errgxdroldfumhdkieiumjzyonvv/Build/Products/Debug-iphonesimulator/include -Xcc -I/Users/cfa532/Documents/GitHub/Tweet-iOS/Pods/hprose/src -Xcc -I/Users/cfa532/Library/Developer/Xcode/DerivedData/Tweet-errgxdroldfumhdkieiumjzyonvv/Build/Products/Debug-iphonesimulator/SDWebImage/SDWebImage.framework/Headers -Xcc -I/Users/cfa532/Library/Developer/Xcode/DerivedData/Tweet-errgxdroldfumhdkieiumjzyonvv/Build/Products/Debug-iphonesimulator/SDWebImageSwiftUI/SDWebImageSwiftUI.framework/Headers -Xcc -I/Users/cfa532/Library/Developer/Xcode/DerivedData/Tweet-errgxdroldfumhdkieiumjzyonvv/Build/Products/Debug-iphonesimulator/hprose/hprose.framework/Headers -Xcc -I/Users/cfa532/Library/Developer/Xcode/DerivedData/Tweet-errgxdroldfumhdkieiumjzyonvv/Build/Intermediates.noindex/Tweet.build/Debug-iphonesimulator/Tweet.build/DerivedSources-normal/arm64 -Xcc -I/Users/cfa532/Library/Developer/Xcode/DerivedData/Tweet-errgxdroldfumhdkieiumjzyonvv/Build/Intermediates.noindex/Tweet.build/Debug-iphonesimulator/Tweet.build/DerivedSources/arm64 -Xcc -I/Users/cfa532/Library/Developer/Xcode/DerivedData/Tweet-errgxdroldfumhdkieiumjzyonvv/Build/Intermediates.noindex/Tweet.build/Debug-iphonesimulator/Tweet.build/DerivedSources -Xcc -DDEBUG\=1 -Xcc -DCOCOAPODS\=1 -emit-objc-header -emit-objc-header-path /Users/cfa532/Library/Developer/Xcode/DerivedData/Tweet-errgxdroldfumhdkieiumjzyonvv/Build/Intermediates.noindex/Tweet.build/Debug-iphonesimulator/Tweet.build/Objects-normal/arm64/Tweet-Swift.h -import-objc-header /Users/cfa532/Documents/GitHub/Tweet-iOS/Sources/Bridging-Header.h -pch-output-dir /Users/cfa532/Library/Developer/Xcode/DerivedData/Tweet-errgxdroldfumhdkieiumjzyonvv/Build/Intermediates.noindex/PrecompiledHeaders -working-directory /Users/cfa532/Documents/GitHub/Tweet-iOS -experimental-emit-module-separately -disable-cmo

SwiftGeneratePch normal arm64 Compiling\ bridging\ header (in target 'Tweet' from project 'Tweet')

PrecompileSwiftBridgingHeader normal arm64 (in target 'Tweet' from project 'Tweet')
    cd /Users/cfa532/Documents/GitHub/Tweet-iOS
    

SwiftDriverJobDiscovery normal arm64 Compiling bridging header (in target 'Tweet' from project 'Tweet')

SwiftEmitModule normal arm64 Emitting\ module\ for\ Tweet (in target 'Tweet' from project 'Tweet')

EmitSwiftModule normal arm64 (in target 'Tweet' from project 'Tweet')
    cd /Users/cfa532/Documents/GitHub/Tweet-iOS
    

SwiftCompile normal arm64 Compiling\ TweetTableViewController.swift /Users/cfa532/Documents/GitHub/Tweet-iOS/Sources/Tweet/UIKit/TweetTableViewController.swift (in target 'Tweet' from project 'Tweet')

SwiftCompile normal arm64 /Users/cfa532/Documents/GitHub/Tweet-iOS/Sources/Tweet/UIKit/TweetTableViewController.swift (in target 'Tweet' from project 'Tweet')
    cd /Users/cfa532/Documents/GitHub/Tweet-iOS
    

SwiftCompile normal arm64 Compiling\ VideoPlaybackCoordinator.swift /Users/cfa532/Documents/GitHub/Tweet-iOS/Sources/Core/VideoPlaybackCoordinator.swift (in target 'Tweet' from project 'Tweet')

SwiftCompile normal arm64 /Users/cfa532/Documents/GitHub/Tweet-iOS/Sources/Core/VideoPlaybackCoordinator.swift (in target 'Tweet' from project 'Tweet')
    cd /Users/cfa532/Documents/GitHub/Tweet-iOS
    
/Users/cfa532/Documents/GitHub/Tweet-iOS/Sources/Core/VideoPlaybackCoordinator.swift:149:13: warning: initialization of immutable value 'wasScrolling' was never used; consider replacing with assignment to '_' or removing it
        let wasScrolling = isScrolling
        ~~~~^~~~~~~~~~~~
        _

SwiftCompile normal arm64 Compiling\ SimpleVideoPlayer.swift /Users/cfa532/Documents/GitHub/Tweet-iOS/Sources/Features/MediaViews/SimpleVideoPlayer.swift (in target 'Tweet' from project 'Tweet')
SwiftCompile normal arm64 /Users/cfa532/Documents/GitHub/Tweet-iOS/Sources/Features/MediaViews/SimpleVideoPlayer.swift (in target 'Tweet' from project 'Tweet')
    cd /Users/cfa532/Documents/GitHub/Tweet-iOS
    

SwiftDriverJobDiscovery normal arm64 Compiling VideoPlaybackCoordinator.swift (in target 'Tweet' from project 'Tweet')

SwiftDriverJobDiscovery normal arm64 Compiling TweetTableViewController.swift (in target 'Tweet' from project 'Tweet')

SwiftDriverJobDiscovery normal arm64 Emitting module for Tweet (in target 'Tweet' from project 'Tweet')

SwiftDriver\ Compilation\ Requirements Tweet normal arm64 com.apple.xcode.tools.swift.compiler (in target 'Tweet' from project 'Tweet')
    cd /Users/cfa532/Documents/GitHub/Tweet-iOS
    builtin-Swift-Compilation-Requirements -- /Applications/Xcode.app/Contents/Developer/Toolchains/XcodeDefault.xctoolchain/usr/bin/swiftc -module-name Tweet -Onone -enforce-exclusivity\=checked @/Users/cfa532/Library/Developer/Xcode/DerivedData/Tweet-errgxdroldfumhdkieiumjzyonvv/Build/Intermediates.noindex/Tweet.build/Debug-iphonesimulator/Tweet.build/Objects-normal/arm64/Tweet.SwiftFileList -DDEBUG -D COCOAPODS -enable-bare-slash-regex -enable-experimental-feature DebugDescriptionMacro -sdk /Applications/Xcode.app/Contents/Developer/Platforms/iPhoneSimulator.platform/Developer/SDKs/iPhoneSimulator26.2.sdk -target arm64-apple-ios18.0-simulator -g -module-cache-path /Users/cfa532/Library/Developer/Xcode/DerivedData/ModuleCache.noindex -Xfrontend -serialize-debugging-options -enable-testing -index-store-path /Users/cfa532/Library/Developer/Xcode/DerivedData/Tweet-errgxdroldfumhdkieiumjzyonvv/Index.noindex/DataStore -Xcc -D_LIBCPP_HARDENING_MODE\=_LIBCPP_HARDENING_MODE_DEBUG -swift-version 5 -I /Users/cfa532/Library/Developer/Xcode/DerivedData/Tweet-errgxdroldfumhdkieiumjzyonvv/Build/Products/Debug-iphonesimulator -F /Users/cfa532/Library/Developer/Xcode/DerivedData/Tweet-errgxdroldfumhdkieiumjzyonvv/Build/Products/Debug-iphonesimulator -F /Users/cfa532/Library/Developer/Xcode/DerivedData/Tweet-errgxdroldfumhdkieiumjzyonvv/Build/Products/Debug-iphonesimulator/SDWebImage -F /Users/cfa532/Library/Developer/Xcode/DerivedData/Tweet-errgxdroldfumhdkieiumjzyonvv/Build/Products/Debug-iphonesimulator/SDWebImageSwiftUI -F /Users/cfa532/Library/Developer/Xcode/DerivedData/Tweet-errgxdroldfumhdkieiumjzyonvv/Build/Products/Debug-iphonesimulator/hprose -F /Users/cfa532/Documents/GitHub/Tweet-iOS/Pods/ffmpeg-kit-ios/Frameworks -F /Users/cfa532/Library/Developer/Xcode/DerivedData/Tweet-errgxdroldfumhdkieiumjzyonvv/Build/Products/Debug-iphonesimulator/XCFrameworkIntermediates/ffmpeg-kit-ios -emit-localized-strings -emit-localized-strings-path /Users/cfa532/Library/Developer/Xcode/DerivedData/Tweet-errgxdroldfumhdkieiumjzyonvv/Build/Intermediates.noindex/Tweet.build/Debug-iphonesimulator/Tweet.build/Objects-normal/arm64 -c -j10 -enable-batch-mode -incremental -Xcc -ivfsstatcache -Xcc /Users/cfa532/Library/Developer/Xcode/DerivedData/SDKStatCaches.noindex/iphonesimulator26.2-23C53-7d00a8b37fbd7999ea79df8ebc024bf0.sdkstatcache -output-file-map /Users/cfa532/Library/Developer/Xcode/DerivedData/Tweet-errgxdroldfumhdkieiumjzyonvv/Build/Intermediates.noindex/Tweet.build/Debug-iphonesimulator/Tweet.build/Objects-normal/arm64/Tweet-OutputFileMap.json -use-frontend-parseable-output -save-temps -no-color-diagnostics -serialize-diagnostics -emit-dependencies -emit-module -emit-module-path /Users/cfa532/Library/Developer/Xcode/DerivedData/Tweet-errgxdroldfumhdkieiumjzyonvv/Build/Intermediates.noindex/Tweet.build/Debug-iphonesimulator/Tweet.build/Objects-normal/arm64/Tweet.swiftmodule -validate-clang-modules-once -clang-build-session-file /Users/cfa532/Library/Developer/Xcode/DerivedData/ModuleCache.noindex/Session.modulevalidation -Xcc -I/Users/cfa532/Library/Developer/Xcode/DerivedData/Tweet-errgxdroldfumhdkieiumjzyonvv/Build/Intermediates.noindex/Tweet.build/Debug-iphonesimulator/Tweet.build/swift-overrides.hmap -emit-const-values -Xfrontend -const-gather-protocols-file -Xfrontend /Users/cfa532/Library/Developer/Xcode/DerivedData/Tweet-errgxdroldfumhdkieiumjzyonvv/Build/Intermediates.noindex/Tweet.build/Debug-iphonesimulator/Tweet.build/Objects-normal/arm64/Tweet_const_extract_protocols.json -Xcc -iquote -Xcc /Users/cfa532/Library/Developer/Xcode/DerivedData/Tweet-errgxdroldfumhdkieiumjzyonvv/Build/Intermediates.noindex/Tweet.build/Debug-iphonesimulator/Tweet.build/Tweet-generated-files.hmap -Xcc -I/Users/cfa532/Library/Developer/Xcode/DerivedData/Tweet-errgxdroldfumhdkieiumjzyonvv/Build/Intermediates.noindex/Tweet.build/Debug-iphonesimulator/Tweet.build/Tweet-own-target-headers.hmap -Xcc -I/Users/cfa532/Library/Developer/Xcode/DerivedData/Tweet-errgxdroldfumhdkieiumjzyonvv/Build/Intermediates.noindex/Tweet.build/Debug-iphonesimulator/Tweet.build/Tweet-all-non-framework-target-headers.hmap -Xcc -ivfsoverlay -Xcc /Users/cfa532/Library/Developer/Xcode/DerivedData/Tweet-errgxdroldfumhdkieiumjzyonvv/Build/Intermediates.noindex/Tweet.build/Debug-iphonesimulator/Tweet-14a12892e6aa11019e94b78a816142d9-VFS-iphonesimulator/all-product-headers.yaml -Xcc -iquote -Xcc /Users/cfa532/Library/Developer/Xcode/DerivedData/Tweet-errgxdroldfumhdkieiumjzyonvv/Build/Intermediates.noindex/Tweet.build/Debug-iphonesimulator/Tweet.build/Tweet-project-headers.hmap -Xcc -I/Users/cfa532/Library/Developer/Xcode/DerivedData/Tweet-errgxdroldfumhdkieiumjzyonvv/Build/Products/Debug-iphonesimulator/include -Xcc -I/Users/cfa532/Documents/GitHub/Tweet-iOS/Pods/hprose/src -Xcc -I/Users/cfa532/Library/Developer/Xcode/DerivedData/Tweet-errgxdroldfumhdkieiumjzyonvv/Build/Products/Debug-iphonesimulator/SDWebImage/SDWebImage.framework/Headers -Xcc -I/Users/cfa532/Library/Developer/Xcode/DerivedData/Tweet-errgxdroldfumhdkieiumjzyonvv/Build/Products/Debug-iphonesimulator/SDWebImageSwiftUI/SDWebImageSwiftUI.framework/Headers -Xcc -I/Users/cfa532/Library/Developer/Xcode/DerivedData/Tweet-errgxdroldfumhdkieiumjzyonvv/Build/Products/Debug-iphonesimulator/hprose/hprose.framework/Headers -Xcc -I/Users/cfa532/Library/Developer/Xcode/DerivedData/Tweet-errgxdroldfumhdkieiumjzyonvv/Build/Intermediates.noindex/Tweet.build/Debug-iphonesimulator/Tweet.build/DerivedSources-normal/arm64 -Xcc -I/Users/cfa532/Library/Developer/Xcode/DerivedData/Tweet-errgxdroldfumhdkieiumjzyonvv/Build/Intermediates.noindex/Tweet.build/Debug-iphonesimulator/Tweet.build/DerivedSources/arm64 -Xcc -I/Users/cfa532/Library/Developer/Xcode/DerivedData/Tweet-errgxdroldfumhdkieiumjzyonvv/Build/Intermediates.noindex/Tweet.build/Debug-iphonesimulator/Tweet.build/DerivedSources -Xcc -DDEBUG\=1 -Xcc -DCOCOAPODS\=1 -emit-objc-header -emit-objc-header-path /Users/cfa532/Library/Developer/Xcode/DerivedData/Tweet-errgxdroldfumhdkieiumjzyonvv/Build/Intermediates.noindex/Tweet.build/Debug-iphonesimulator/Tweet.build/Objects-normal/arm64/Tweet-Swift.h -import-objc-header /Users/cfa532/Documents/GitHub/Tweet-iOS/Sources/Bridging-Header.h -pch-output-dir /Users/cfa532/Library/Developer/Xcode/DerivedData/Tweet-errgxdroldfumhdkieiumjzyonvv/Build/Intermediates.noindex/PrecompiledHeaders -working-directory /Users/cfa532/Documents/GitHub/Tweet-iOS -experimental-emit-module-separately -disable-cmo

SwiftMergeGeneratedHeaders /Users/cfa532/Library/Developer/Xcode/DerivedData/Tweet-errgxdroldfumhdkieiumjzyonvv/Build/Intermediates.noindex/Tweet.build/Debug-iphonesimulator/Tweet.build/DerivedSources/Tweet-Swift.h /Users/cfa532/Library/Developer/Xcode/DerivedData/Tweet-errgxdroldfumhdkieiumjzyonvv/Build/Intermediates.noindex/Tweet.build/Debug-iphonesimulator/Tweet.build/Objects-normal/arm64/Tweet-Swift.h (in target 'Tweet' from project 'Tweet')
    cd /Users/cfa532/Documents/GitHub/Tweet-iOS
    builtin-swiftHeaderTool -arch arm64 /Users/cfa532/Library/Developer/Xcode/DerivedData/Tweet-errgxdroldfumhdkieiumjzyonvv/Build/Intermediates.noindex/Tweet.build/Debug-iphonesimulator/Tweet.build/Objects-normal/arm64/Tweet-Swift.h -o /Users/cfa532/Library/Developer/Xcode/DerivedData/Tweet-errgxdroldfumhdkieiumjzyonvv/Build/Intermediates.noindex/Tweet.build/Debug-iphonesimulator/Tweet.build/DerivedSources/Tweet-Swift.h

Copy /Users/cfa532/Library/Developer/Xcode/DerivedData/Tweet-errgxdroldfumhdkieiumjzyonvv/Build/Products/Debug-iphonesimulator/Tweet.swiftmodule/arm64-apple-ios-simulator.swiftdoc /Users/cfa532/Library/Developer/Xcode/DerivedData/Tweet-errgxdroldfumhdkieiumjzyonvv/Build/Intermediates.noindex/Tweet.build/Debug-iphonesimulator/Tweet.build/Objects-normal/arm64/Tweet.swiftdoc (in target 'Tweet' from project 'Tweet')
    cd /Users/cfa532/Documents/GitHub/Tweet-iOS
    builtin-copy -exclude .DS_Store -exclude CVS -exclude .svn -exclude .git -exclude .hg -resolve-src-symlinks -rename /Users/cfa532/Library/Developer/Xcode/DerivedData/Tweet-errgxdroldfumhdkieiumjzyonvv/Build/Intermediates.noindex/Tweet.build/Debug-iphonesimulator/Tweet.build/Objects-normal/arm64/Tweet.swiftdoc /Users/cfa532/Library/Developer/Xcode/DerivedData/Tweet-errgxdroldfumhdkieiumjzyonvv/Build/Products/Debug-iphonesimulator/Tweet.swiftmodule/arm64-apple-ios-simulator.swiftdoc

Copy /Users/cfa532/Library/Developer/Xcode/DerivedData/Tweet-errgxdroldfumhdkieiumjzyonvv/Build/Products/Debug-iphonesimulator/Tweet.swiftmodule/arm64-apple-ios-simulator.abi.json /Users/cfa532/Library/Developer/Xcode/DerivedData/Tweet-errgxdroldfumhdkieiumjzyonvv/Build/Intermediates.noindex/Tweet.build/Debug-iphonesimulator/Tweet.build/Objects-normal/arm64/Tweet.abi.json (in target 'Tweet' from project 'Tweet')
    cd /Users/cfa532/Documents/GitHub/Tweet-iOS
    builtin-copy -exclude .DS_Store -exclude CVS -exclude .svn -exclude .git -exclude .hg -resolve-src-symlinks -rename /Users/cfa532/Library/Developer/Xcode/DerivedData/Tweet-errgxdroldfumhdkieiumjzyonvv/Build/Intermediates.noindex/Tweet.build/Debug-iphonesimulator/Tweet.build/Objects-normal/arm64/Tweet.abi.json /Users/cfa532/Library/Developer/Xcode/DerivedData/Tweet-errgxdroldfumhdkieiumjzyonvv/Build/Products/Debug-iphonesimulator/Tweet.swiftmodule/arm64-apple-ios-simulator.abi.json

Copy /Users/cfa532/Library/Developer/Xcode/DerivedData/Tweet-errgxdroldfumhdkieiumjzyonvv/Build/Products/Debug-iphonesimulator/Tweet.swiftmodule/arm64-apple-ios-simulator.swiftmodule /Users/cfa532/Library/Developer/Xcode/DerivedData/Tweet-errgxdroldfumhdkieiumjzyonvv/Build/Intermediates.noindex/Tweet.build/Debug-iphonesimulator/Tweet.build/Objects-normal/arm64/Tweet.swiftmodule (in target 'Tweet' from project 'Tweet')
    cd /Users/cfa532/Documents/GitHub/Tweet-iOS
    builtin-copy -exclude .DS_Store -exclude CVS -exclude .svn -exclude .git -exclude .hg -resolve-src-symlinks -rename /Users/cfa532/Library/Developer/Xcode/DerivedData/Tweet-errgxdroldfumhdkieiumjzyonvv/Build/Intermediates.noindex/Tweet.build/Debug-iphonesimulator/Tweet.build/Objects-normal/arm64/Tweet.swiftmodule /Users/cfa532/Library/Developer/Xcode/DerivedData/Tweet-errgxdroldfumhdkieiumjzyonvv/Build/Products/Debug-iphonesimulator/Tweet.swiftmodule/arm64-apple-ios-simulator.swiftmodule

Copy /Users/cfa532/Library/Developer/Xcode/DerivedData/Tweet-errgxdroldfumhdkieiumjzyonvv/Build/Products/Debug-iphonesimulator/Tweet.swiftmodule/Project/arm64-apple-ios-simulator.swiftsourceinfo /Users/cfa532/Library/Developer/Xcode/DerivedData/Tweet-errgxdroldfumhdkieiumjzyonvv/Build/Intermediates.noindex/Tweet.build/Debug-iphonesimulator/Tweet.build/Objects-normal/arm64/Tweet.swiftsourceinfo (in target 'Tweet' from project 'Tweet')
    cd /Users/cfa532/Documents/GitHub/Tweet-iOS
    builtin-copy -exclude .DS_Store -exclude CVS -exclude .svn -exclude .git -exclude .hg -resolve-src-symlinks -rename /Users/cfa532/Library/Developer/Xcode/DerivedData/Tweet-errgxdroldfumhdkieiumjzyonvv/Build/Intermediates.noindex/Tweet.build/Debug-iphonesimulator/Tweet.build/Objects-normal/arm64/Tweet.swiftsourceinfo /Users/cfa532/Library/Developer/Xcode/DerivedData/Tweet-errgxdroldfumhdkieiumjzyonvv/Build/Products/Debug-iphonesimulator/Tweet.swiftmodule/Project/arm64-apple-ios-simulator.swiftsourceinfo

LinkAssetCatalog /Users/cfa532/Documents/GitHub/Tweet-iOS/Tweet/Preview\ Content/Assets.xcassets /Users/cfa532/Documents/GitHub/Tweet-iOS/Tweet/Assets.xcassets (in target 'Tweet' from project 'Tweet')
    cd /Users/cfa532/Documents/GitHub/Tweet-iOS
    builtin-linkAssetCatalog --thinned /Users/cfa532/Library/Developer/Xcode/DerivedData/Tweet-errgxdroldfumhdkieiumjzyonvv/Build/Intermediates.noindex/Tweet.build/Debug-iphonesimulator/Tweet.build/assetcatalog_output/thinned --thinned-dependencies /Users/cfa532/Library/Developer/Xcode/DerivedData/Tweet-errgxdroldfumhdkieiumjzyonvv/Build/Intermediates.noindex/Tweet.build/Debug-iphonesimulator/Tweet.build/assetcatalog_dependencies_thinned --thinned-info-plist-content /Users/cfa532/Library/Developer/Xcode/DerivedData/Tweet-errgxdroldfumhdkieiumjzyonvv/Build/Intermediates.noindex/Tweet.build/Debug-iphonesimulator/Tweet.build/assetcatalog_generated_info.plist_thinned --unthinned /Users/cfa532/Library/Developer/Xcode/DerivedData/Tweet-errgxdroldfumhdkieiumjzyonvv/Build/Intermediates.noindex/Tweet.build/Debug-iphonesimulator/Tweet.build/assetcatalog_output/unthinned --unthinned-dependencies /Users/cfa532/Library/Developer/Xcode/DerivedData/Tweet-errgxdroldfumhdkieiumjzyonvv/Build/Intermediates.noindex/Tweet.build/Debug-iphonesimulator/Tweet.build/assetcatalog_dependencies_unthinned --unthinned-info-plist-content /Users/cfa532/Library/Developer/Xcode/DerivedData/Tweet-errgxdroldfumhdkieiumjzyonvv/Build/Intermediates.noindex/Tweet.build/Debug-iphonesimulator/Tweet.build/assetcatalog_generated_info.plist_unthinned --output /Users/cfa532/Library/Developer/Xcode/DerivedData/Tweet-errgxdroldfumhdkieiumjzyonvv/Build/Products/Debug-iphonesimulator/Tweet.app --plist-output /Users/cfa532/Library/Developer/Xcode/DerivedData/Tweet-errgxdroldfumhdkieiumjzyonvv/Build/Intermediates.noindex/Tweet.build/Debug-iphonesimulator/Tweet.build/assetcatalog_generated_info.plist
note: Emplaced /Users/cfa532/Library/Developer/Xcode/DerivedData/Tweet-errgxdroldfumhdkieiumjzyonvv/Build/Products/Debug-iphonesimulator/Tweet.app/AppIcon60x60@2x.png (in target 'Tweet' from project 'Tweet')
note: Emplaced /Users/cfa532/Library/Developer/Xcode/DerivedData/Tweet-errgxdroldfumhdkieiumjzyonvv/Build/Products/Debug-iphonesimulator/Tweet.app/AppIcon76x76@2x~ipad.png (in target 'Tweet' from project 'Tweet')
note: Emplaced /Users/cfa532/Library/Developer/Xcode/DerivedData/Tweet-errgxdroldfumhdkieiumjzyonvv/Build/Products/Debug-iphonesimulator/Tweet.app/Assets.car (in target 'Tweet' from project 'Tweet')

ProcessInfoPlistFile /Users/cfa532/Library/Developer/Xcode/DerivedData/Tweet-errgxdroldfumhdkieiumjzyonvv/Build/Products/Debug-iphonesimulator/Tweet.app/Info.plist /Users/cfa532/Documents/GitHub/Tweet-iOS/Tweet/Info.plist (in target 'Tweet' from project 'Tweet')
    cd /Users/cfa532/Documents/GitHub/Tweet-iOS
    builtin-infoPlistUtility /Users/cfa532/Documents/GitHub/Tweet-iOS/Tweet/Info.plist -producttype com.apple.product-type.application -genpkginfo /Users/cfa532/Library/Developer/Xcode/DerivedData/Tweet-errgxdroldfumhdkieiumjzyonvv/Build/Products/Debug-iphonesimulator/Tweet.app/PkgInfo -expandbuildsettings -format binary -platform iphonesimulator -additionalcontentfile /Users/cfa532/Library/Developer/Xcode/DerivedData/Tweet-errgxdroldfumhdkieiumjzyonvv/Build/Intermediates.noindex/Tweet.build/Debug-iphonesimulator/Tweet.build/assetcatalog_generated_info.plist -o /Users/cfa532/Library/Developer/Xcode/DerivedData/Tweet-errgxdroldfumhdkieiumjzyonvv/Build/Products/Debug-iphonesimulator/Tweet.app/Info.plist

SwiftDriverJobDiscovery normal arm64 Compiling SimpleVideoPlayer.swift (in target 'Tweet' from project 'Tweet')

SwiftDriver\ Compilation Tweet normal arm64 com.apple.xcode.tools.swift.compiler (in target 'Tweet' from project 'Tweet')
    cd /Users/cfa532/Documents/GitHub/Tweet-iOS
    builtin-Swift-Compilation -- /Applications/Xcode.app/Contents/Developer/Toolchains/XcodeDefault.xctoolchain/usr/bin/swiftc -module-name Tweet -Onone -enforce-exclusivity\=checked @/Users/cfa532/Library/Developer/Xcode/DerivedData/Tweet-errgxdroldfumhdkieiumjzyonvv/Build/Intermediates.noindex/Tweet.build/Debug-iphonesimulator/Tweet.build/Objects-normal/arm64/Tweet.SwiftFileList -DDEBUG -D COCOAPODS -enable-bare-slash-regex -enable-experimental-feature DebugDescriptionMacro -sdk /Applications/Xcode.app/Contents/Developer/Platforms/iPhoneSimulator.platform/Developer/SDKs/iPhoneSimulator26.2.sdk -target arm64-apple-ios18.0-simulator -g -module-cache-path /Users/cfa532/Library/Developer/Xcode/DerivedData/ModuleCache.noindex -Xfrontend -serialize-debugging-options -enable-testing -index-store-path /Users/cfa532/Library/Developer/Xcode/DerivedData/Tweet-errgxdroldfumhdkieiumjzyonvv/Index.noindex/DataStore -Xcc -D_LIBCPP_HARDENING_MODE\=_LIBCPP_HARDENING_MODE_DEBUG -swift-version 5 -I /Users/cfa532/Library/Developer/Xcode/DerivedData/Tweet-errgxdroldfumhdkieiumjzyonvv/Build/Products/Debug-iphonesimulator -F /Users/cfa532/Library/Developer/Xcode/DerivedData/Tweet-errgxdroldfumhdkieiumjzyonvv/Build/Products/Debug-iphonesimulator -F /Users/cfa532/Library/Developer/Xcode/DerivedData/Tweet-errgxdroldfumhdkieiumjzyonvv/Build/Products/Debug-iphonesimulator/SDWebImage -F /Users/cfa532/Library/Developer/Xcode/DerivedData/Tweet-errgxdroldfumhdkieiumjzyonvv/Build/Products/Debug-iphonesimulator/SDWebImageSwiftUI -F /Users/cfa532/Library/Developer/Xcode/DerivedData/Tweet-errgxdroldfumhdkieiumjzyonvv/Build/Products/Debug-iphonesimulator/hprose -F /Users/cfa532/Documents/GitHub/Tweet-iOS/Pods/ffmpeg-kit-ios/Frameworks -F /Users/cfa532/Library/Developer/Xcode/DerivedData/Tweet-errgxdroldfumhdkieiumjzyonvv/Build/Products/Debug-iphonesimulator/XCFrameworkIntermediates/ffmpeg-kit-ios -emit-localized-strings -emit-localized-strings-path /Users/cfa532/Library/Developer/Xcode/DerivedData/Tweet-errgxdroldfumhdkieiumjzyonvv/Build/Intermediates.noindex/Tweet.build/Debug-iphonesimulator/Tweet.build/Objects-normal/arm64 -c -j10 -enable-batch-mode -incremental -Xcc -ivfsstatcache -Xcc /Users/cfa532/Library/Developer/Xcode/DerivedData/SDKStatCaches.noindex/iphonesimulator26.2-23C53-7d00a8b37fbd7999ea79df8ebc024bf0.sdkstatcache -output-file-map /Users/cfa532/Library/Developer/Xcode/DerivedData/Tweet-errgxdroldfumhdkieiumjzyonvv/Build/Intermediates.noindex/Tweet.build/Debug-iphonesimulator/Tweet.build/Objects-normal/arm64/Tweet-OutputFileMap.json -use-frontend-parseable-output -save-temps -no-color-diagnostics -serialize-diagnostics -emit-dependencies -emit-module -emit-module-path /Users/cfa532/Library/Developer/Xcode/DerivedData/Tweet-errgxdroldfumhdkieiumjzyonvv/Build/Intermediates.noindex/Tweet.build/Debug-iphonesimulator/Tweet.build/Objects-normal/arm64/Tweet.swiftmodule -validate-clang-modules-once -clang-build-session-file /Users/cfa532/Library/Developer/Xcode/DerivedData/ModuleCache.noindex/Session.modulevalidation -Xcc -I/Users/cfa532/Library/Developer/Xcode/DerivedData/Tweet-errgxdroldfumhdkieiumjzyonvv/Build/Intermediates.noindex/Tweet.build/Debug-iphonesimulator/Tweet.build/swift-overrides.hmap -emit-const-values -Xfrontend -const-gather-protocols-file -Xfrontend /Users/cfa532/Library/Developer/Xcode/DerivedData/Tweet-errgxdroldfumhdkieiumjzyonvv/Build/Intermediates.noindex/Tweet.build/Debug-iphonesimulator/Tweet.build/Objects-normal/arm64/Tweet_const_extract_protocols.json -Xcc -iquote -Xcc /Users/cfa532/Library/Developer/Xcode/DerivedData/Tweet-errgxdroldfumhdkieiumjzyonvv/Build/Intermediates.noindex/Tweet.build/Debug-iphonesimulator/Tweet.build/Tweet-generated-files.hmap -Xcc -I/Users/cfa532/Library/Developer/Xcode/DerivedData/Tweet-errgxdroldfumhdkieiumjzyonvv/Build/Intermediates.noindex/Tweet.build/Debug-iphonesimulator/Tweet.build/Tweet-own-target-headers.hmap -Xcc -I/Users/cfa532/Library/Developer/Xcode/DerivedData/Tweet-errgxdroldfumhdkieiumjzyonvv/Build/Intermediates.noindex/Tweet.build/Debug-iphonesimulator/Tweet.build/Tweet-all-non-framework-target-headers.hmap -Xcc -ivfsoverlay -Xcc /Users/cfa532/Library/Developer/Xcode/DerivedData/Tweet-errgxdroldfumhdkieiumjzyonvv/Build/Intermediates.noindex/Tweet.build/Debug-iphonesimulator/Tweet-14a12892e6aa11019e94b78a816142d9-VFS-iphonesimulator/all-product-headers.yaml -Xcc -iquote -Xcc /Users/cfa532/Library/Developer/Xcode/DerivedData/Tweet-errgxdroldfumhdkieiumjzyonvv/Build/Intermediates.noindex/Tweet.build/Debug-iphonesimulator/Tweet.build/Tweet-project-headers.hmap -Xcc -I/Users/cfa532/Library/Developer/Xcode/DerivedData/Tweet-errgxdroldfumhdkieiumjzyonvv/Build/Products/Debug-iphonesimulator/include -Xcc -I/Users/cfa532/Documents/GitHub/Tweet-iOS/Pods/hprose/src -Xcc -I/Users/cfa532/Library/Developer/Xcode/DerivedData/Tweet-errgxdroldfumhdkieiumjzyonvv/Build/Products/Debug-iphonesimulator/SDWebImage/SDWebImage.framework/Headers -Xcc -I/Users/cfa532/Library/Developer/Xcode/DerivedData/Tweet-errgxdroldfumhdkieiumjzyonvv/Build/Products/Debug-iphonesimulator/SDWebImageSwiftUI/SDWebImageSwiftUI.framework/Headers -Xcc -I/Users/cfa532/Library/Developer/Xcode/DerivedData/Tweet-errgxdroldfumhdkieiumjzyonvv/Build/Products/Debug-iphonesimulator/hprose/hprose.framework/Headers -Xcc -I/Users/cfa532/Library/Developer/Xcode/DerivedData/Tweet-errgxdroldfumhdkieiumjzyonvv/Build/Intermediates.noindex/Tweet.build/Debug-iphonesimulator/Tweet.build/DerivedSources-normal/arm64 -Xcc -I/Users/cfa532/Library/Developer/Xcode/DerivedData/Tweet-errgxdroldfumhdkieiumjzyonvv/Build/Intermediates.noindex/Tweet.build/Debug-iphonesimulator/Tweet.build/DerivedSources/arm64 -Xcc -I/Users/cfa532/Library/Developer/Xcode/DerivedData/Tweet-errgxdroldfumhdkieiumjzyonvv/Build/Intermediates.noindex/Tweet.build/Debug-iphonesimulator/Tweet.build/DerivedSources -Xcc -DDEBUG\=1 -Xcc -DCOCOAPODS\=1 -emit-objc-header -emit-objc-header-path /Users/cfa532/Library/Developer/Xcode/DerivedData/Tweet-errgxdroldfumhdkieiumjzyonvv/Build/Intermediates.noindex/Tweet.build/Debug-iphonesimulator/Tweet.build/Objects-normal/arm64/Tweet-Swift.h -import-objc-header /Users/cfa532/Documents/GitHub/Tweet-iOS/Sources/Bridging-Header.h -pch-output-dir /Users/cfa532/Library/Developer/Xcode/DerivedData/Tweet-errgxdroldfumhdkieiumjzyonvv/Build/Intermediates.noindex/PrecompiledHeaders -working-directory /Users/cfa532/Documents/GitHub/Tweet-iOS -experimental-emit-module-separately -disable-cmo

Ld /Users/cfa532/Library/Developer/Xcode/DerivedData/Tweet-errgxdroldfumhdkieiumjzyonvv/Build/Products/Debug-iphonesimulator/Tweet.app/Tweet.debug.dylib normal (in target 'Tweet' from project 'Tweet')
    cd /Users/cfa532/Documents/GitHub/Tweet-iOS
    /Applications/Xcode.app/Contents/Developer/Toolchains/XcodeDefault.xctoolchain/usr/bin/clang -Xlinker -reproducible -target arm64-apple-ios18.0-simulator -dynamiclib -isysroot /Applications/Xcode.app/Contents/Developer/Platforms/iPhoneSimulator.platform/Developer/SDKs/iPhoneSimulator26.2.sdk -O0 -L/Users/cfa532/Library/Developer/Xcode/DerivedData/Tweet-errgxdroldfumhdkieiumjzyonvv/Build/Intermediates.noindex/EagerLinkingTBDs/Debug-iphonesimulator -L/Users/cfa532/Library/Developer/Xcode/DerivedData/Tweet-errgxdroldfumhdkieiumjzyonvv/Build/Products/Debug-iphonesimulator -L/Applications/Xcode.app/Contents/Developer/Toolchains/XcodeDefault.xctoolchain/usr/lib/swift/iphonesimulator -L/Applications/Xcode.app/Contents/Developer/Platforms/iPhoneSimulator.platform/Developer/SDKs/iPhoneSimulator26.2.sdk/usr/lib/swift -F/Users/cfa532/Library/Developer/Xcode/DerivedData/Tweet-errgxdroldfumhdkieiumjzyonvv/Build/Intermediates.noindex/EagerLinkingTBDs/Debug-iphonesimulator -F/Users/cfa532/Library/Developer/Xcode/DerivedData/Tweet-errgxdroldfumhdkieiumjzyonvv/Build/Products/Debug-iphonesimulator -F/Users/cfa532/Library/Developer/Xcode/DerivedData/Tweet-errgxdroldfumhdkieiumjzyonvv/Build/Products/Debug-iphonesimulator/SDWebImage -F/Users/cfa532/Library/Developer/Xcode/DerivedData/Tweet-errgxdroldfumhdkieiumjzyonvv/Build/Products/Debug-iphonesimulator/SDWebImageSwiftUI -F/Users/cfa532/Library/Developer/Xcode/DerivedData/Tweet-errgxdroldfumhdkieiumjzyonvv/Build/Products/Debug-iphonesimulator/hprose -F/Users/cfa532/Documents/GitHub/Tweet-iOS/Pods/ffmpeg-kit-ios/Frameworks -F/Users/cfa532/Library/Developer/Xcode/DerivedData/Tweet-errgxdroldfumhdkieiumjzyonvv/Build/Products/Debug-iphonesimulator/XCFrameworkIntermediates/ffmpeg-kit-ios -filelist /Users/cfa532/Library/Developer/Xcode/DerivedData/Tweet-errgxdroldfumhdkieiumjzyonvv/Build/Intermediates.noindex/Tweet.build/Debug-iphonesimulator/Tweet.build/Objects-normal/arm64/Tweet.LinkFileList -install_name @rpath/Tweet.debug.dylib -Xlinker -rpath -Xlinker /usr/lib/swift -Xlinker -rpath -Xlinker @executable_path/Frameworks -Xlinker -rpath -Xlinker @loader_path/Frameworks -dead_strip -Xlinker -object_path_lto -Xlinker /Users/cfa532/Library/Developer/Xcode/DerivedData/Tweet-errgxdroldfumhdkieiumjzyonvv/Build/Intermediates.noindex/Tweet.build/Debug-iphonesimulator/Tweet.build/Objects-normal/arm64/Tweet_lto.o -rdynamic -Xlinker -no_deduplicate -Xlinker -objc_abi_version -Xlinker 2 -Xlinker -dependency_info -Xlinker /Users/cfa532/Library/Developer/Xcode/DerivedData/Tweet-errgxdroldfumhdkieiumjzyonvv/Build/Intermediates.noindex/Tweet.build/Debug-iphonesimulator/Tweet.build/Objects-normal/arm64/Tweet_dependency_info.dat -fobjc-link-runtime -L/Applications/Xcode.app/Contents/Developer/Toolchains/XcodeDefault.xctoolchain/usr/lib/swift/iphonesimulator -L/usr/lib/swift -Xlinker -add_ast_path -Xlinker /Users/cfa532/Library/Developer/Xcode/DerivedData/Tweet-errgxdroldfumhdkieiumjzyonvv/Build/Intermediates.noindex/Tweet.build/Debug-iphonesimulator/Tweet.build/Objects-normal/arm64/Tweet.swiftmodule -ObjC -framework CFNetwork -framework ImageIO -framework SDWebImage -framework SDWebImageSwiftUI -framework Security -framework ffmpegkit -framework hprose -framework libavcodec -framework libavdevice -framework libavfilter -framework libavformat -framework libavutil -framework libswresample -framework libswscale -weak_framework Combine -weak_framework SwiftUI -framework CFNetwork -framework Security -framework VideoToolbox -framework hprose -lz -lm -lpthread -lbz2 -liconv -Wl,-w -Xlinker -alias -Xlinker _main -Xlinker ___debug_main_executable_dylib_entry_point -framework Pods_Tweet -Xlinker -no_adhoc_codesign -o /Users/cfa532/Library/Developer/Xcode/DerivedData/Tweet-errgxdroldfumhdkieiumjzyonvv/Build/Products/Debug-iphonesimulator/Tweet.app/Tweet.debug.dylib

ConstructStubExecutorLinkFileList /Users/cfa532/Library/Developer/Xcode/DerivedData/Tweet-errgxdroldfumhdkieiumjzyonvv/Build/Intermediates.noindex/Tweet.build/Debug-iphonesimulator/Tweet.build/Tweet-ExecutorLinkFileList-normal-arm64.txt (in target 'Tweet' from project 'Tweet')
    cd /Users/cfa532/Documents/GitHub/Tweet-iOS
    construct-stub-executor-link-file-list /Users/cfa532/Library/Developer/Xcode/DerivedData/Tweet-errgxdroldfumhdkieiumjzyonvv/Build/Products/Debug-iphonesimulator/Tweet.app/Tweet.debug.dylib /Applications/Xcode.app/Contents/Developer/Platforms/iPhoneSimulator.platform/Developer/usr/lib/libPreviewsJITStubExecutor_no_swift_entry_point.a /Applications/Xcode.app/Contents/Developer/Platforms/iPhoneSimulator.platform/Developer/usr/lib/libPreviewsJITStubExecutor.a --output /Users/cfa532/Library/Developer/Xcode/DerivedData/Tweet-errgxdroldfumhdkieiumjzyonvv/Build/Intermediates.noindex/Tweet.build/Debug-iphonesimulator/Tweet.build/Tweet-ExecutorLinkFileList-normal-arm64.txt
note: Using stub executor library with Swift entry point. (in target 'Tweet' from project 'Tweet')

Ld /Users/cfa532/Library/Developer/Xcode/DerivedData/Tweet-errgxdroldfumhdkieiumjzyonvv/Build/Products/Debug-iphonesimulator/Tweet.app/Tweet normal (in target 'Tweet' from project 'Tweet')
    cd /Users/cfa532/Documents/GitHub/Tweet-iOS
    /Applications/Xcode.app/Contents/Developer/Toolchains/XcodeDefault.xctoolchain/usr/bin/clang -Xlinker -reproducible -target arm64-apple-ios18.0-simulator -isysroot /Applications/Xcode.app/Contents/Developer/Platforms/iPhoneSimulator.platform/Developer/SDKs/iPhoneSimulator26.2.sdk -O0 -L/Users/cfa532/Library/Developer/Xcode/DerivedData/Tweet-errgxdroldfumhdkieiumjzyonvv/Build/Products/Debug-iphonesimulator -L/Applications/Xcode.app/Contents/Developer/Toolchains/XcodeDefault.xctoolchain/usr/lib/swift/iphonesimulator -L/Applications/Xcode.app/Contents/Developer/Platforms/iPhoneSimulator.platform/Developer/SDKs/iPhoneSimulator26.2.sdk/usr/lib/swift -F/Users/cfa532/Library/Developer/Xcode/DerivedData/Tweet-errgxdroldfumhdkieiumjzyonvv/Build/Products/Debug-iphonesimulator -F/Users/cfa532/Library/Developer/Xcode/DerivedData/Tweet-errgxdroldfumhdkieiumjzyonvv/Build/Products/Debug-iphonesimulator/SDWebImage -F/Users/cfa532/Library/Developer/Xcode/DerivedData/Tweet-errgxdroldfumhdkieiumjzyonvv/Build/Products/Debug-iphonesimulator/SDWebImageSwiftUI -F/Users/cfa532/Library/Developer/Xcode/DerivedData/Tweet-errgxdroldfumhdkieiumjzyonvv/Build/Products/Debug-iphonesimulator/hprose -F/Users/cfa532/Documents/GitHub/Tweet-iOS/Pods/ffmpeg-kit-ios/Frameworks -F/Users/cfa532/Library/Developer/Xcode/DerivedData/Tweet-errgxdroldfumhdkieiumjzyonvv/Build/Products/Debug-iphonesimulator/XCFrameworkIntermediates/ffmpeg-kit-ios -Xlinker -rpath -Xlinker @executable_path -Xlinker -rpath -Xlinker /usr/lib/swift -Xlinker -rpath -Xlinker @executable_path/Frameworks -Xlinker -rpath -Xlinker @loader_path/Frameworks -rdynamic -Xlinker -no_deduplicate -Xlinker -objc_abi_version -Xlinker 2 -e ___debug_blank_executor_main -Xlinker -sectcreate -Xlinker __TEXT -Xlinker __debug_dylib -Xlinker /Users/cfa532/Library/Developer/Xcode/DerivedData/Tweet-errgxdroldfumhdkieiumjzyonvv/Build/Intermediates.noindex/Tweet.build/Debug-iphonesimulator/Tweet.build/Tweet-DebugDylibPath-normal-arm64.txt -Xlinker -sectcreate -Xlinker __TEXT -Xlinker __debug_instlnm -Xlinker /Users/cfa532/Library/Developer/Xcode/DerivedData/Tweet-errgxdroldfumhdkieiumjzyonvv/Build/Intermediates.noindex/Tweet.build/Debug-iphonesimulator/Tweet.build/Tweet-DebugDylibInstallName-normal-arm64.txt -Xlinker -filelist -Xlinker /Users/cfa532/Library/Developer/Xcode/DerivedData/Tweet-errgxdroldfumhdkieiumjzyonvv/Build/Intermediates.noindex/Tweet.build/Debug-iphonesimulator/Tweet.build/Tweet-ExecutorLinkFileList-normal-arm64.txt -Xlinker -sectcreate -Xlinker __TEXT -Xlinker __entitlements -Xlinker /Users/cfa532/Library/Developer/Xcode/DerivedData/Tweet-errgxdroldfumhdkieiumjzyonvv/Build/Intermediates.noindex/Tweet.build/Debug-iphonesimulator/Tweet.build/Tweet.app-Simulated.xcent -Xlinker -sectcreate -Xlinker __TEXT -Xlinker __ents_der -Xlinker /Users/cfa532/Library/Developer/Xcode/DerivedData/Tweet-errgxdroldfumhdkieiumjzyonvv/Build/Intermediates.noindex/Tweet.build/Debug-iphonesimulator/Tweet.build/Tweet.app-Simulated.xcent.der /Users/cfa532/Library/Developer/Xcode/DerivedData/Tweet-errgxdroldfumhdkieiumjzyonvv/Build/Products/Debug-iphonesimulator/Tweet.app/Tweet.debug.dylib -Xlinker -no_adhoc_codesign -o /Users/cfa532/Library/Developer/Xcode/DerivedData/Tweet-errgxdroldfumhdkieiumjzyonvv/Build/Products/Debug-iphonesimulator/Tweet.app/Tweet

PhaseScriptExecution Use\ debug\ InfoPlist.strings /Users/cfa532/Library/Developer/Xcode/DerivedData/Tweet-errgxdroldfumhdkieiumjzyonvv/Build/Intermediates.noindex/Tweet.build/Debug-iphonesimulator/Tweet.build/Script-FEDCBA9876543210FEDCBA98.sh (in target 'Tweet' from project 'Tweet')
    cd /Users/cfa532/Documents/GitHub/Tweet-iOS
    /bin/sh -c /Users/cfa532/Library/Developer/Xcode/DerivedData/Tweet-errgxdroldfumhdkieiumjzyonvv/Build/Intermediates.noindex/Tweet.build/Debug-iphonesimulator/Tweet.build/Script-FEDCBA9876543210FEDCBA98.sh

PhaseScriptExecution [CP]\ Embed\ Pods\ Frameworks /Users/cfa532/Library/Developer/Xcode/DerivedData/Tweet-errgxdroldfumhdkieiumjzyonvv/Build/Intermediates.noindex/Tweet.build/Debug-iphonesimulator/Tweet.build/Script-9C5162FBFA79188DC00146B1.sh (in target 'Tweet' from project 'Tweet')
    cd /Users/cfa532/Documents/GitHub/Tweet-iOS
    /bin/sh -c /Users/cfa532/Library/Developer/Xcode/DerivedData/Tweet-errgxdroldfumhdkieiumjzyonvv/Build/Intermediates.noindex/Tweet.build/Debug-iphonesimulator/Tweet.build/Script-9C5162FBFA79188DC00146B1.sh
mkdir -p /Users/cfa532/Library/Developer/Xcode/DerivedData/Tweet-errgxdroldfumhdkieiumjzyonvv/Build/Products/Debug-iphonesimulator/Tweet.app/Frameworks
rsync --delete -av --filter P .*.?????? --links --filter "- CVS/" --filter "- .svn/" --filter "- .git/" --filter "- .hg/" --filter "- Headers" --filter "- PrivateHeaders" --filter "- Modules" "/Users/cfa532/Library/Developer/Xcode/DerivedData/Tweet-errgxdroldfumhdkieiumjzyonvv/Build/Products/Debug-iphonesimulator/SDWebImage/SDWebImage.framework" "/Users/cfa532/Library/Developer/Xcode/DerivedData/Tweet-errgxdroldfumhdkieiumjzyonvv/Build/Products/Debug-iphonesimulator/Tweet.app/Frameworks"
Transfer starting: 8 files
SDWebImage.framework/
SDWebImage.framework/SDWebImage
SDWebImage.framework/_CodeSignature/CodeResources

sent 2049084 bytes  received 70 bytes  184608468 bytes/sec
total size is 2050184  speedup is 1.00
Stripped /Users/cfa532/Library/Developer/Xcode/DerivedData/Tweet-errgxdroldfumhdkieiumjzyonvv/Build/Products/Debug-iphonesimulator/Tweet.app/Frameworks/SDWebImage.framework/SDWebImage of architectures: x86_64
Code Signing /Users/cfa532/Library/Developer/Xcode/DerivedData/Tweet-errgxdroldfumhdkieiumjzyonvv/Build/Products/Debug-iphonesimulator/Tweet.app/Frameworks/SDWebImage.framework with Identity Sign to Run Locally
/usr/bin/codesign --force --sign -  --preserve-metadata=identifier,entitlements '/Users/cfa532/Library/Developer/Xcode/DerivedData/Tweet-errgxdroldfumhdkieiumjzyonvv/Build/Products/Debug-iphonesimulator/Tweet.app/Frameworks/SDWebImage.framework'
/Users/cfa532/Library/Developer/Xcode/DerivedData/Tweet-errgxdroldfumhdkieiumjzyonvv/Build/Products/Debug-iphonesimulator/Tweet.app/Frameworks/SDWebImage.framework: replacing existing signature
rsync --delete -av --filter P .*.?????? --links --filter "- CVS/" --filter "- .svn/" --filter "- .git/" --filter "- .hg/" --filter "- Headers" --filter "- PrivateHeaders" --filter "- Modules" "/Users/cfa532/Library/Developer/Xcode/DerivedData/Tweet-errgxdroldfumhdkieiumjzyonvv/Build/Products/Debug-iphonesimulator/SDWebImageSwiftUI/SDWebImageSwiftUI.framework" "/Users/cfa532/Library/Developer/Xcode/DerivedData/Tweet-errgxdroldfumhdkieiumjzyonvv/Build/Products/Debug-iphonesimulator/Tweet.app/Frameworks"
Transfer starting: 8 files
SDWebImageSwiftUI.framework/
SDWebImageSwiftUI.framework/SDWebImageSwiftUI
SDWebImageSwiftUI.framework/_CodeSignature/CodeResources

sent 1837484 bytes  received 70 bytes  258810422 bytes/sec
total size is 1838327  speedup is 1.00
Stripped /Users/cfa532/Library/Developer/Xcode/DerivedData/Tweet-errgxdroldfumhdkieiumjzyonvv/Build/Products/Debug-iphonesimulator/Tweet.app/Frameworks/SDWebImageSwiftUI.framework/SDWebImageSwiftUI of architectures: x86_64
Code Signing /Users/cfa532/Library/Developer/Xcode/DerivedData/Tweet-errgxdroldfumhdkieiumjzyonvv/Build/Products/Debug-iphonesimulator/Tweet.app/Frameworks/SDWebImageSwiftUI.framework with Identity Sign to Run Locally
/usr/bin/codesign --force --sign -  --preserve-metadata=identifier,entitlements '/Users/cfa532/Library/Developer/Xcode/DerivedData/Tweet-errgxdroldfumhdkieiumjzyonvv/Build/Products/Debug-iphonesimulator/Tweet.app/Frameworks/SDWebImageSwiftUI.framework'
/Users/cfa532/Library/Developer/Xcode/DerivedData/Tweet-errgxdroldfumhdkieiumjzyonvv/Build/Products/Debug-iphonesimulator/Tweet.app/Frameworks/SDWebImageSwiftUI.framework: replacing existing signature
rsync --delete -av --filter P .*.?????? --links --filter "- CVS/" --filter "- .svn/" --filter "- .git/" --filter "- .hg/" --filter "- Headers" --filter "- PrivateHeaders" --filter "- Modules" "/Users/cfa532/Library/Developer/Xcode/DerivedData/Tweet-errgxdroldfumhdkieiumjzyonvv/Build/Products/Debug-iphonesimulator/hprose/hprose.framework" "/Users/cfa532/Library/Developer/Xcode/DerivedData/Tweet-errgxdroldfumhdkieiumjzyonvv/Build/Products/Debug-iphonesimulator/Tweet.app/Frameworks"
Transfer starting: 5 files
hprose.framework/
hprose.framework/hprose
hprose.framework/_CodeSignature/CodeResources

sent 1364820 bytes  received 70 bytes  223752459 bytes/sec
total size is 1364894  speedup is 1.00
Stripped /Users/cfa532/Library/Developer/Xcode/DerivedData/Tweet-errgxdroldfumhdkieiumjzyonvv/Build/Products/Debug-iphonesimulator/Tweet.app/Frameworks/hprose.framework/hprose of architectures: x86_64
Code Signing /Users/cfa532/Library/Developer/Xcode/DerivedData/Tweet-errgxdroldfumhdkieiumjzyonvv/Build/Products/Debug-iphonesimulator/Tweet.app/Frameworks/hprose.framework with Identity Sign to Run Locally
/usr/bin/codesign --force --sign -  --preserve-metadata=identifier,entitlements '/Users/cfa532/Library/Developer/Xcode/DerivedData/Tweet-errgxdroldfumhdkieiumjzyonvv/Build/Products/Debug-iphonesimulator/Tweet.app/Frameworks/hprose.framework'
/Users/cfa532/Library/Developer/Xcode/DerivedData/Tweet-errgxdroldfumhdkieiumjzyonvv/Build/Products/Debug-iphonesimulator/Tweet.app/Frameworks/hprose.framework: replacing existing signature
rsync --delete -av --filter P .*.?????? --links --filter "- CVS/" --filter "- .svn/" --filter "- .git/" --filter "- .hg/" --filter "- Headers" --filter "- PrivateHeaders" --filter "- Modules" "/Users/cfa532/Library/Developer/Xcode/DerivedData/Tweet-errgxdroldfumhdkieiumjzyonvv/Build/Products/Debug-iphonesimulator/XCFrameworkIntermediates/ffmpeg-kit-ios/ffmpegkit.framework" "/Users/cfa532/Library/Developer/Xcode/DerivedData/Tweet-errgxdroldfumhdkieiumjzyonvv/Build/Products/Debug-iphonesimulator/Tweet.app/Frameworks"
Transfer starting: 6 files
deleting ffmpegkit.framework/_CodeSignature/CodeResources
deleting ffmpegkit.framework/_CodeSignature/
ffmpegkit.framework/
ffmpegkit.framework/ffmpegkit

sent 1218283 bytes  received 48 bytes  238888431 bytes/sec
total size is 1256491  speedup is 1.03
Stripped /Users/cfa532/Library/Developer/Xcode/DerivedData/Tweet-errgxdroldfumhdkieiumjzyonvv/Build/Products/Debug-iphonesimulator/Tweet.app/Frameworks/ffmpegkit.framework/ffmpegkit of architectures: x86_64
Code Signing /Users/cfa532/Library/Developer/Xcode/DerivedData/Tweet-errgxdroldfumhdkieiumjzyonvv/Build/Products/Debug-iphonesimulator/Tweet.app/Frameworks/ffmpegkit.framework with Identity Sign to Run Locally
/usr/bin/codesign --force --sign -  --preserve-metadata=identifier,entitlements '/Users/cfa532/Library/Developer/Xcode/DerivedData/Tweet-errgxdroldfumhdkieiumjzyonvv/Build/Products/Debug-iphonesimulator/Tweet.app/Frameworks/ffmpegkit.framework'
/Users/cfa532/Library/Developer/Xcode/DerivedData/Tweet-errgxdroldfumhdkieiumjzyonvv/Build/Products/Debug-iphonesimulator/Tweet.app/Frameworks/ffmpegkit.framework: replacing existing signature
rsync --delete -av --filter P .*.?????? --links --filter "- CVS/" --filter "- .svn/" --filter "- .git/" --filter "- .hg/" --filter "- Headers" --filter "- PrivateHeaders" --filter "- Modules" "/Users/cfa532/Library/Developer/Xcode/DerivedData/Tweet-errgxdroldfumhdkieiumjzyonvv/Build/Products/Debug-iphonesimulator/XCFrameworkIntermediates/ffmpeg-kit-ios/libavcodec.framework" "/Users/cfa532/Library/Developer/Xcode/DerivedData/Tweet-errgxdroldfumhdkieiumjzyonvv/Build/Products/Debug-iphonesimulator/Tweet.app/Frameworks"
Transfer starting: 41 files
deleting libavcodec.framework/_CodeSignature/CodeResources
deleting libavcodec.framework/_CodeSignature/
libavcodec.framework/
libavcodec.framework/libavcodec

sent 39353849 bytes  received 48 bytes  263942971 bytes/sec
total size is 39678130  speedup is 1.01
Stripped /Users/cfa532/Library/Developer/Xcode/DerivedData/Tweet-errgxdroldfumhdkieiumjzyonvv/Build/Products/Debug-iphonesimulator/Tweet.app/Frameworks/libavcodec.framework/libavcodec of architectures: x86_64
Code Signing /Users/cfa532/Library/Developer/Xcode/DerivedData/Tweet-errgxdroldfumhdkieiumjzyonvv/Build/Products/Debug-iphonesimulator/Tweet.app/Frameworks/libavcodec.framework with Identity Sign to Run Locally
/usr/bin/codesign --force --sign -  --preserve-metadata=identifier,entitlements '/Users/cfa532/Library/Developer/Xcode/DerivedData/Tweet-errgxdroldfumhdkieiumjzyonvv/Build/Products/Debug-iphonesimulator/Tweet.app/Frameworks/libavcodec.framework'
/Users/cfa532/Library/Developer/Xcode/DerivedData/Tweet-errgxdroldfumhdkieiumjzyonvv/Build/Products/Debug-iphonesimulator/Tweet.app/Frameworks/libavcodec.framework: replacing existing signature
rsync --delete -av --filter P .*.?????? --links --filter "- CVS/" --filter "- .svn/" --filter "- .git/" --filter "- .hg/" --filter "- Headers" --filter "- PrivateHeaders" --filter "- Modules" "/Users/cfa532/Library/Developer/Xcode/DerivedData/Tweet-errgxdroldfumhdkieiumjzyonvv/Build/Products/Debug-iphonesimulator/XCFrameworkIntermediates/ffmpeg-kit-ios/libavdevice.framework" "/Users/cfa532/Library/Developer/Xcode/DerivedData/Tweet-errgxdroldfumhdkieiumjzyonvv/Build/Products/Debug-iphonesimulator/Tweet.app/Frameworks"
Transfer starting: 4 files
deleting libavdevice.framework/_CodeSignature/CodeResources
deleting libavdevice.framework/_CodeSignature/
libavdevice.framework/
libavdevice.framework/libavdevice

sent 163392 bytes  received 48 bytes  77828571 bytes/sec
total size is 199026  speedup is 1.22
Stripped /Users/cfa532/Library/Developer/Xcode/DerivedData/Tweet-errgxdroldfumhdkieiumjzyonvv/Build/Products/Debug-iphonesimulator/Tweet.app/Frameworks/libavdevice.framework/libavdevice of architectures: x86_64
Code Signing /Users/cfa532/Library/Developer/Xcode/DerivedData/Tweet-errgxdroldfumhdkieiumjzyonvv/Build/Products/Debug-iphonesimulator/Tweet.app/Frameworks/libavdevice.framework with Identity Sign to Run Locally
/usr/bin/codesign --force --sign -  --preserve-metadata=identifier,entitlements '/Users/cfa532/Library/Developer/Xcode/DerivedData/Tweet-errgxdroldfumhdkieiumjzyonvv/Build/Products/Debug-iphonesimulator/Tweet.app/Frameworks/libavdevice.framework'
/Users/cfa532/Library/Developer/Xcode/DerivedData/Tweet-errgxdroldfumhdkieiumjzyonvv/Build/Products/Debug-iphonesimulator/Tweet.app/Frameworks/libavdevice.framework: replacing existing signature
rsync --delete -av --filter P .*.?????? --links --filter "- CVS/" --filter "- .svn/" --filter "- .git/" --filter "- .hg/" --filter "- Headers" --filter "- PrivateHeaders" --filter "- Modules" "/Users/cfa532/Library/Developer/Xcode/DerivedData/Tweet-errgxdroldfumhdkieiumjzyonvv/Build/Products/Debug-iphonesimulator/XCFrameworkIntermediates/ffmpeg-kit-ios/libavfilter.framework" "/Users/cfa532/Library/Developer/Xcode/DerivedData/Tweet-errgxdroldfumhdkieiumjzyonvv/Build/Products/Debug-iphonesimulator/Tweet.app/Frameworks"
Transfer starting: 4 files
deleting libavfilter.framework/_CodeSignature/CodeResources
deleting libavfilter.framework/_CodeSignature/
libavfilter.framework/
libavfilter.framework/libavfilter

sent 10594124 bytes  received 48 bytes  264193815 bytes/sec
total size is 10628480  speedup is 1.00
Stripped /Users/cfa532/Library/Developer/Xcode/DerivedData/Tweet-errgxdroldfumhdkieiumjzyonvv/Build/Products/Debug-iphonesimulator/Tweet.app/Frameworks/libavfilter.framework/libavfilter of architectures: x86_64
Code Signing /Users/cfa532/Library/Developer/Xcode/DerivedData/Tweet-errgxdroldfumhdkieiumjzyonvv/Build/Products/Debug-iphonesimulator/Tweet.app/Frameworks/libavfilter.framework with Identity Sign to Run Locally
/usr/bin/codesign --force --sign -  --preserve-metadata=identifier,entitlements '/Users/cfa532/Library/Developer/Xcode/DerivedData/Tweet-errgxdroldfumhdkieiumjzyonvv/Build/Products/Debug-iphonesimulator/Tweet.app/Frameworks/libavfilter.framework'
/Users/cfa532/Library/Developer/Xcode/DerivedData/Tweet-errgxdroldfumhdkieiumjzyonvv/Build/Products/Debug-iphonesimulator/Tweet.app/Frameworks/libavfilter.framework: replacing existing signature
rsync --delete -av --filter P .*.?????? --links --filter "- CVS/" --filter "- .svn/" --filter "- .git/" --filter "- .hg/" --filter "- Headers" --filter "- PrivateHeaders" --filter "- Modules" "/Users/cfa532/Library/Developer/Xcode/DerivedData/Tweet-errgxdroldfumhdkieiumjzyonvv/Build/Products/Debug-iphonesimulator/XCFrameworkIntermediates/ffmpeg-kit-ios/libavformat.framework" "/Users/cfa532/Library/Developer/Xcode/DerivedData/Tweet-errgxdroldfumhdkieiumjzyonvv/Build/Products/Debug-iphonesimulator/Tweet.app/Frameworks"
Transfer starting: 4 files
deleting libavformat.framework/_CodeSignature/CodeResources
deleting libavformat.framework/_CodeSignature/
libavformat.framework/
libavformat.framework/libavformat

sent 8728856 bytes  received 48 bytes  289996810 bytes/sec
total size is 8763442  speedup is 1.00
Stripped /Users/cfa532/Library/Developer/Xcode/DerivedData/Tweet-errgxdroldfumhdkieiumjzyonvv/Build/Products/Debug-iphonesimulator/Tweet.app/Frameworks/libavformat.framework/libavformat of architectures: x86_64
Code Signing /Users/cfa532/Library/Developer/Xcode/DerivedData/Tweet-errgxdroldfumhdkieiumjzyonvv/Build/Products/Debug-iphonesimulator/Tweet.app/Frameworks/libavformat.framework with Identity Sign to Run Locally
/usr/bin/codesign --force --sign -  --preserve-metadata=identifier,entitlements '/Users/cfa532/Library/Developer/Xcode/DerivedData/Tweet-errgxdroldfumhdkieiumjzyonvv/Build/Products/Debug-iphonesimulator/Tweet.app/Frameworks/libavformat.framework'
/Users/cfa532/Library/Developer/Xcode/DerivedData/Tweet-errgxdroldfumhdkieiumjzyonvv/Build/Products/Debug-iphonesimulator/Tweet.app/Frameworks/libavformat.framework: replacing existing signature
rsync --delete -av --filter P .*.?????? --links --filter "- CVS/" --filter "- .svn/" --filter "- .git/" --filter "- .hg/" --filter "- Headers" --filter "- PrivateHeaders" --filter "- Modules" "/Users/cfa532/Library/Developer/Xcode/DerivedData/Tweet-errgxdroldfumhdkieiumjzyonvv/Build/Products/Debug-iphonesimulator/XCFrameworkIntermediates/ffmpeg-kit-ios/libavutil.framework" "/Users/cfa532/Library/Developer/Xcode/DerivedData/Tweet-errgxdroldfumhdkieiumjzyonvv/Build/Products/Debug-iphonesimulator/Tweet.app/Frameworks"
Transfer starting: 4 files
deleting libavutil.framework/_CodeSignature/CodeResources
deleting libavutil.framework/_CodeSignature/
libavutil.framework/
libavutil.framework/libavutil

sent 1017602 bytes  received 48 bytes  248207317 bytes/sec
total size is 1053132  speedup is 1.03
Stripped /Users/cfa532/Library/Developer/Xcode/DerivedData/Tweet-errgxdroldfumhdkieiumjzyonvv/Build/Products/Debug-iphonesimulator/Tweet.app/Frameworks/libavutil.framework/libavutil of architectures: x86_64
Code Signing /Users/cfa532/Library/Developer/Xcode/DerivedData/Tweet-errgxdroldfumhdkieiumjzyonvv/Build/Products/Debug-iphonesimulator/Tweet.app/Frameworks/libavutil.framework with Identity Sign to Run Locally
/usr/bin/codesign --force --sign -  --preserve-metadata=identifier,entitlements '/Users/cfa532/Library/Developer/Xcode/DerivedData/Tweet-errgxdroldfumhdkieiumjzyonvv/Build/Products/Debug-iphonesimulator/Tweet.app/Frameworks/libavutil.framework'
/Users/cfa532/Library/Developer/Xcode/DerivedData/Tweet-errgxdroldfumhdkieiumjzyonvv/Build/Products/Debug-iphonesimulator/Tweet.app/Frameworks/libavutil.framework: replacing existing signature
rsync --delete -av --filter P .*.?????? --links --filter "- CVS/" --filter "- .svn/" --filter "- .git/" --filter "- .hg/" --filter "- Headers" --filter "- PrivateHeaders" --filter "- Modules" "/Users/cfa532/Library/Developer/Xcode/DerivedData/Tweet-errgxdroldfumhdkieiumjzyonvv/Build/Products/Debug-iphonesimulator/XCFrameworkIntermediates/ffmpeg-kit-ios/libswresample.framework" "/Users/cfa532/Library/Developer/Xcode/DerivedData/Tweet-errgxdroldfumhdkieiumjzyonvv/Build/Products/Debug-iphonesimulator/Tweet.app/Frameworks"
Transfer starting: 4 files
deleting libswresample.framework/_CodeSignature/CodeResources
deleting libswresample.framework/_CodeSignature/
libswresample.framework/
libswresample.framework/libswresample

sent 582102 bytes  received 48 bytes  187790322 bytes/sec
total size is 617680  speedup is 1.06
Stripped /Users/cfa532/Library/Developer/Xcode/DerivedData/Tweet-errgxdroldfumhdkieiumjzyonvv/Build/Products/Debug-iphonesimulator/Tweet.app/Frameworks/libswresample.framework/libswresample of architectures: x86_64
Code Signing /Users/cfa532/Library/Developer/Xcode/DerivedData/Tweet-errgxdroldfumhdkieiumjzyonvv/Build/Products/Debug-iphonesimulator/Tweet.app/Frameworks/libswresample.framework with Identity Sign to Run Locally
/usr/bin/codesign --force --sign -  --preserve-metadata=identifier,entitlements '/Users/cfa532/Library/Developer/Xcode/DerivedData/Tweet-errgxdroldfumhdkieiumjzyonvv/Build/Products/Debug-iphonesimulator/Tweet.app/Frameworks/libswresample.framework'
/Users/cfa532/Library/Developer/Xcode/DerivedData/Tweet-errgxdroldfumhdkieiumjzyonvv/Build/Products/Debug-iphonesimulator/Tweet.app/Frameworks/libswresample.framework: replacing existing signature
rsync --delete -av --filter P .*.?????? --links --filter "- CVS/" --filter "- .svn/" --filter "- .git/" --filter "- .hg/" --filter "- Headers" --filter "- PrivateHeaders" --filter "- Modules" "/Users/cfa532/Library/Developer/Xcode/DerivedData/Tweet-errgxdroldfumhdkieiumjzyonvv/Build/Products/Debug-iphonesimulator/XCFrameworkIntermediates/ffmpeg-kit-ios/libswscale.framework" "/Users/cfa532/Library/Developer/Xcode/DerivedData/Tweet-errgxdroldfumhdkieiumjzyonvv/Build/Products/Debug-iphonesimulator/Tweet.app/Frameworks"
Transfer starting: 4 files
deleting libswscale.framework/_CodeSignature/CodeResources
deleting libswscale.framework/_CodeSignature/
libswscale.framework/
libswscale.framework/libswscale

sent 714047 bytes  received 48 bytes  230353225 bytes/sec
total size is 749613  speedup is 1.05
Stripped /Users/cfa532/Library/Developer/Xcode/DerivedData/Tweet-errgxdroldfumhdkieiumjzyonvv/Build/Products/Debug-iphonesimulator/Tweet.app/Frameworks/libswscale.framework/libswscale of architectures: x86_64
Code Signing /Users/cfa532/Library/Developer/Xcode/DerivedData/Tweet-errgxdroldfumhdkieiumjzyonvv/Build/Products/Debug-iphonesimulator/Tweet.app/Frameworks/libswscale.framework with Identity Sign to Run Locally
/usr/bin/codesign --force --sign -  --preserve-metadata=identifier,entitlements '/Users/cfa532/Library/Developer/Xcode/DerivedData/Tweet-errgxdroldfumhdkieiumjzyonvv/Build/Products/Debug-iphonesimulator/Tweet.app/Frameworks/libswscale.framework'
/Users/cfa532/Library/Developer/Xcode/DerivedData/Tweet-errgxdroldfumhdkieiumjzyonvv/Build/Products/Debug-iphonesimulator/Tweet.app/Frameworks/libswscale.framework: replacing existing signature

CopySwiftLibs /Users/cfa532/Library/Developer/Xcode/DerivedData/Tweet-errgxdroldfumhdkieiumjzyonvv/Build/Products/Debug-iphonesimulator/Tweet.app (in target 'Tweet' from project 'Tweet')
    cd /Users/cfa532/Documents/GitHub/Tweet-iOS
    builtin-swiftStdLibTool --copy --verbose --sign - --scan-executable /Users/cfa532/Library/Developer/Xcode/DerivedData/Tweet-errgxdroldfumhdkieiumjzyonvv/Build/Products/Debug-iphonesimulator/Tweet.app/Tweet.debug.dylib --scan-folder /Users/cfa532/Library/Developer/Xcode/DerivedData/Tweet-errgxdroldfumhdkieiumjzyonvv/Build/Products/Debug-iphonesimulator/Tweet.app/Frameworks --scan-folder /Users/cfa532/Library/Developer/Xcode/DerivedData/Tweet-errgxdroldfumhdkieiumjzyonvv/Build/Products/Debug-iphonesimulator/Tweet.app/PlugIns --scan-folder /Users/cfa532/Library/Developer/Xcode/DerivedData/Tweet-errgxdroldfumhdkieiumjzyonvv/Build/Products/Debug-iphonesimulator/Tweet.app/SystemExtensions --scan-folder /Users/cfa532/Library/Developer/Xcode/DerivedData/Tweet-errgxdroldfumhdkieiumjzyonvv/Build/Products/Debug-iphonesimulator/Tweet.app/Extensions --scan-folder /Users/cfa532/Library/Developer/Xcode/DerivedData/Tweet-errgxdroldfumhdkieiumjzyonvv/Build/Products/Debug-iphonesimulator/Pods_Tweet.framework --platform iphonesimulator --toolchain /Applications/Xcode.app/Contents/Developer/Toolchains/XcodeDefault.xctoolchain --destination /Users/cfa532/Library/Developer/Xcode/DerivedData/Tweet-errgxdroldfumhdkieiumjzyonvv/Build/Products/Debug-iphonesimulator/Tweet.app/Frameworks --strip-bitcode --strip-bitcode-tool /Applications/Xcode.app/Contents/Developer/Toolchains/XcodeDefault.xctoolchain/usr/bin/bitcode_strip --emit-dependency-info /Users/cfa532/Library/Developer/Xcode/DerivedData/Tweet-errgxdroldfumhdkieiumjzyonvv/Build/Intermediates.noindex/Tweet.build/Debug-iphonesimulator/Tweet.build/SwiftStdLibToolInputDependencies.dep --filter-for-swift-os

ExtractAppIntentsMetadata (in target 'Tweet' from project 'Tweet')
    cd /Users/cfa532/Documents/GitHub/Tweet-iOS
    /Applications/Xcode.app/Contents/Developer/Toolchains/XcodeDefault.xctoolchain/usr/bin/appintentsmetadataprocessor --toolchain-dir /Applications/Xcode.app/Contents/Developer/Toolchains/XcodeDefault.xctoolchain --module-name Tweet --sdk-root /Applications/Xcode.app/Contents/Developer/Platforms/iPhoneSimulator.platform/Developer/SDKs/iPhoneSimulator26.2.sdk --xcode-version 17C52 --platform-family iOS --deployment-target 18.0 --bundle-identifier com.example.Tweet.debug --output /Users/cfa532/Library/Developer/Xcode/DerivedData/Tweet-errgxdroldfumhdkieiumjzyonvv/Build/Products/Debug-iphonesimulator/Tweet.app --target-triple arm64-apple-ios18.0-simulator --binary-file /Users/cfa532/Library/Developer/Xcode/DerivedData/Tweet-errgxdroldfumhdkieiumjzyonvv/Build/Products/Debug-iphonesimulator/Tweet.app/Tweet --dependency-file /Users/cfa532/Library/Developer/Xcode/DerivedData/Tweet-errgxdroldfumhdkieiumjzyonvv/Build/Intermediates.noindex/Tweet.build/Debug-iphonesimulator/Tweet.build/Objects-normal/arm64/Tweet_dependency_info.dat --stringsdata-file /Users/cfa532/Library/Developer/Xcode/DerivedData/Tweet-errgxdroldfumhdkieiumjzyonvv/Build/Intermediates.noindex/Tweet.build/Debug-iphonesimulator/Tweet.build/Objects-normal/arm64/ExtractedAppShortcutsMetadata.stringsdata --source-file-list /Users/cfa532/Library/Developer/Xcode/DerivedData/Tweet-errgxdroldfumhdkieiumjzyonvv/Build/Intermediates.noindex/Tweet.build/Debug-iphonesimulator/Tweet.build/Objects-normal/arm64/Tweet.SwiftFileList --metadata-file-list /Users/cfa532/Library/Developer/Xcode/DerivedData/Tweet-errgxdroldfumhdkieiumjzyonvv/Build/Intermediates.noindex/Tweet.build/Debug-iphonesimulator/Tweet.build/Tweet.DependencyMetadataFileList --static-metadata-file-list /Users/cfa532/Library/Developer/Xcode/DerivedData/Tweet-errgxdroldfumhdkieiumjzyonvv/Build/Intermediates.noindex/Tweet.build/Debug-iphonesimulator/Tweet.build/Tweet.DependencyStaticMetadataFileList --swift-const-vals-list /Users/cfa532/Library/Developer/Xcode/DerivedData/Tweet-errgxdroldfumhdkieiumjzyonvv/Build/Intermediates.noindex/Tweet.build/Debug-iphonesimulator/Tweet.build/Objects-normal/arm64/Tweet.SwiftConstValuesFileList --compile-time-extraction --deployment-aware-processing --validate-assistant-intents --no-app-shortcuts-localization
2026-01-06 09:09:39.207 appintentsmetadataprocessor[84071:4010419] Starting appintentsmetadataprocessor export
2026-01-06 09:09:39.208 appintentsmetadataprocessor[84071:4010419] warning: Metadata extraction skipped. No AppIntents.framework dependency found.

CodeSign /Users/cfa532/Library/Developer/Xcode/DerivedData/Tweet-errgxdroldfumhdkieiumjzyonvv/Build/Products/Debug-iphonesimulator/Tweet.app/Tweet.debug.dylib (in target 'Tweet' from project 'Tweet')
    cd /Users/cfa532/Documents/GitHub/Tweet-iOS
    
    Signing Identity:     "Sign to Run Locally"
    
    /usr/bin/codesign --force --sign - --timestamp\=none --generate-entitlement-der /Users/cfa532/Library/Developer/Xcode/DerivedData/Tweet-errgxdroldfumhdkieiumjzyonvv/Build/Products/Debug-iphonesimulator/Tweet.app/Tweet.debug.dylib

CodeSign /Users/cfa532/Library/Developer/Xcode/DerivedData/Tweet-errgxdroldfumhdkieiumjzyonvv/Build/Products/Debug-iphonesimulator/Tweet.app/__preview.dylib (in target 'Tweet' from project 'Tweet')
    cd /Users/cfa532/Documents/GitHub/Tweet-iOS
    
    Signing Identity:     "Sign to Run Locally"
    
    /usr/bin/codesign --force --sign - --timestamp\=none --generate-entitlement-der /Users/cfa532/Library/Developer/Xcode/DerivedData/Tweet-errgxdroldfumhdkieiumjzyonvv/Build/Products/Debug-iphonesimulator/Tweet.app/__preview.dylib
/Users/cfa532/Library/Developer/Xcode/DerivedData/Tweet-errgxdroldfumhdkieiumjzyonvv/Build/Products/Debug-iphonesimulator/Tweet.app/__preview.dylib: replacing existing signature

CodeSign /Users/cfa532/Library/Developer/Xcode/DerivedData/Tweet-errgxdroldfumhdkieiumjzyonvv/Build/Products/Debug-iphonesimulator/Tweet.app (in target 'Tweet' from project 'Tweet')
    cd /Users/cfa532/Documents/GitHub/Tweet-iOS
    
    Signing Identity:     "Sign to Run Locally"
    
    /usr/bin/codesign --force --sign - --timestamp\=none --generate-entitlement-der /Users/cfa532/Library/Developer/Xcode/DerivedData/Tweet-errgxdroldfumhdkieiumjzyonvv/Build/Products/Debug-iphonesimulator/Tweet.app

Validate /Users/cfa532/Library/Developer/Xcode/DerivedData/Tweet-errgxdroldfumhdkieiumjzyonvv/Build/Products/Debug-iphonesimulator/Tweet.app (in target 'Tweet' from project 'Tweet')
    cd /Users/cfa532/Documents/GitHub/Tweet-iOS
    builtin-validationUtility /Users/cfa532/Library/Developer/Xcode/DerivedData/Tweet-errgxdroldfumhdkieiumjzyonvv/Build/Products/Debug-iphonesimulator/Tweet.app -shallow-bundle -infoplist-subpath Info.plist

** BUILD SUCCEEDED **

