Command line invocation:
    /Applications/Xcode.app/Contents/Developer/usr/bin/xcodebuild -workspace Tweet.xcworkspace -scheme Tweet -sdk iphonesimulator -configuration Debug -arch arm64 build CODE_SIGNING_ALLOWED=NO ONLY_ACTIVE_ARCH=YES

Build settings from command line:
    ARCHS = arm64
    CODE_SIGNING_ALLOWED = NO
    ONLY_ACTIVE_ARCH = YES
    SDKROOT = iphonesimulator26.0

--- xcodebuild: WARNING: Using the first of multiple matching destinations:
{ platform:iOS Simulator, id:dvtdevice-DVTiOSDeviceSimulatorPlaceholder-iphonesimulator:placeholder, name:Any iOS Simulator Device }
{ platform:iOS Simulator, arch:arm64, id:56D48368-C77D-4EAA-93FD-08E4665B6BCC, OS:18.6, name:iPad (A16) }
{ platform:iOS Simulator, arch:arm64, id:0FCCCB62-AF94-480F-996D-DD662346F728, OS:26.0, name:iPad (A16) }
{ platform:iOS Simulator, arch:arm64, id:196A5101-E89C-44AF-A254-B254261E0871, OS:18.6, name:iPad Air 11-inch (M3) }
{ platform:iOS Simulator, arch:arm64, id:0BA03B02-2758-45FF-9928-715D1460AFD7, OS:26.0, name:iPad Air 11-inch (M3) }
{ platform:iOS Simulator, arch:arm64, id:A0BF0289-3F7C-4763-AF7A-BF35E8C6D200, OS:18.6, name:iPad Air 13-inch (M3) }
{ platform:iOS Simulator, arch:arm64, id:EEFFA362-5E1A-44A8-8E83-2D00D6D6FBC3, OS:26.0, name:iPad Air 13-inch (M3) }
{ platform:iOS Simulator, arch:arm64, id:55D62053-D815-4847-AA17-0DB70CDD3A7C, OS:18.6, name:iPad Pro 11-inch (M4) }
{ platform:iOS Simulator, arch:arm64, id:2BC8FB30-F829-460E-96B4-9624D68D7E14, OS:26.0, name:iPad Pro 11-inch (M4) }
{ platform:iOS Simulator, arch:arm64, id:51AD97CE-3423-43CC-BE60-875BC78417DE, OS:18.6, name:iPad Pro 13-inch (M4) }
{ platform:iOS Simulator, arch:arm64, id:C56AC3CE-9247-485D-9067-26500FB95542, OS:26.0, name:iPad Pro 13-inch (M4) }
{ platform:iOS Simulator, arch:arm64, id:A5FF4670-5143-4B41-9000-7BF06A5894AB, OS:18.6, name:iPad mini (A17 Pro) }
{ platform:iOS Simulator, arch:arm64, id:2592F2EC-29C1-42CD-BE45-E51651417D5A, OS:26.0, name:iPad mini (A17 Pro) }
{ platform:iOS Simulator, arch:arm64, id:BCCFAE3C-119F-4705-B4DB-95E8DC015561, OS:18.6, name:iPhone 16 }
{ platform:iOS Simulator, arch:arm64, id:37E580C7-E2C8-436D-BC45-053505CE56EC, OS:18.6, name:iPhone 16 Plus }
{ platform:iOS Simulator, arch:arm64, id:03E452D8-16BB-4188-A609-1C61565EB550, OS:18.6, name:iPhone 16 Pro }
{ platform:iOS Simulator, arch:arm64, id:D9FA8EC6-F57D-4126-90EB-65738312DE80, OS:18.6, name:iPhone 16 Pro Max }
{ platform:iOS Simulator, arch:arm64, id:B47170BA-8285-4C23-94D2-6CB202F76A20, OS:18.6, name:iPhone 16e }
{ platform:iOS Simulator, arch:arm64, id:16352768-7B4A-4226-B256-2F6AD1B0E09D, OS:26.0, name:iPhone 16e }
{ platform:iOS Simulator, arch:arm64, id:5D46B937-EE80-4D7D-B91C-1B2EF67A548A, OS:26.0, name:iPhone 17 }
{ platform:iOS Simulator, arch:arm64, id:9B19BBD3-189D-487A-B8DF-DA4EDA3C9C39, OS:26.0, name:iPhone 17 Pro }
{ platform:iOS Simulator, arch:arm64, id:A1F1415A-F520-420A-99D2-BAB3ADCEB2AF, OS:26.0, name:iPhone 17 Pro Max }
{ platform:iOS Simulator, arch:arm64, id:E8395894-F60B-4127-82B7-44079C3B3121, OS:26.0, name:iPhone Air }
{ platform:iOS Simulator, arch:x86_64, id:56D48368-C77D-4EAA-93FD-08E4665B6BCC, OS:18.6, name:iPad (A16) }
{ platform:iOS Simulator, arch:x86_64, id:196A5101-E89C-44AF-A254-B254261E0871, OS:18.6, name:iPad Air 11-inch (M3) }
{ platform:iOS Simulator, arch:x86_64, id:A0BF0289-3F7C-4763-AF7A-BF35E8C6D200, OS:18.6, name:iPad Air 13-inch (M3) }
{ platform:iOS Simulator, arch:x86_64, id:55D62053-D815-4847-AA17-0DB70CDD3A7C, OS:18.6, name:iPad Pro 11-inch (M4) }
{ platform:iOS Simulator, arch:x86_64, id:51AD97CE-3423-43CC-BE60-875BC78417DE, OS:18.6, name:iPad Pro 13-inch (M4) }
{ platform:iOS Simulator, arch:x86_64, id:A5FF4670-5143-4B41-9000-7BF06A5894AB, OS:18.6, name:iPad mini (A17 Pro) }
{ platform:iOS Simulator, arch:x86_64, id:BCCFAE3C-119F-4705-B4DB-95E8DC015561, OS:18.6, name:iPhone 16 }
{ platform:iOS Simulator, arch:x86_64, id:37E580C7-E2C8-436D-BC45-053505CE56EC, OS:18.6, name:iPhone 16 Plus }
{ platform:iOS Simulator, arch:x86_64, id:03E452D8-16BB-4188-A609-1C61565EB550, OS:18.6, name:iPhone 16 Pro }
{ platform:iOS Simulator, arch:x86_64, id:D9FA8EC6-F57D-4126-90EB-65738312DE80, OS:18.6, name:iPhone 16 Pro Max }
{ platform:iOS Simulator, arch:x86_64, id:B47170BA-8285-4C23-94D2-6CB202F76A20, OS:18.6, name:iPhone 16e }
{ platform:macOS, arch:arm64, variant:Designed for [iPad,iPhone], id:00008132-0012491E01D9801C, name:My Mac }
{ platform:iOS, id:dvtdevice-DVTiPhonePlaceholder-iphoneos:placeholder, name:Any iOS Device }
{ platform:iOS, arch:arm64, id:00008110-001230222230401E, name:cPhone }
ComputePackagePrebuildTargetDependencyGraph

Prepare packages

CreateBuildRequest

SendProjectDescription

CreateBuildOperation

ComputeTargetDependencyGraph
note: Building targets in dependency order
note: Target dependency graph (8 targets)
    Target 'Tweet' in project 'Tweet'
        ➜ Implicit dependency on target 'Pods-Tweet' in project 'Pods' via file 'Pods_Tweet.framework' in build phase 'Link Binary'
        ➜ Implicit dependency on target 'SDWebImage' in project 'Pods' via options '-framework SDWebImage' in build setting 'OTHER_LDFLAGS'
        ➜ Implicit dependency on target 'SDWebImageSwiftUI' in project 'Pods' via options '-framework SDWebImageSwiftUI' in build setting 'OTHER_LDFLAGS'
        ➜ Implicit dependency on target 'hprose' in project 'Pods' via options '-framework hprose' in build setting 'OTHER_LDFLAGS'
    Target 'Pods-Tweet' in project 'Pods'
        ➜ Explicit dependency on target 'SDWebImage' in project 'Pods'
        ➜ Explicit dependency on target 'SDWebImageSwiftUI' in project 'Pods'
        ➜ Explicit dependency on target 'ffmpeg-kit-ios' in project 'Pods'
        ➜ Explicit dependency on target 'hprose' in project 'Pods'
    Target 'hprose' in project 'Pods' (no dependencies)
    Target 'ffmpeg-kit-ios' in project 'Pods' (no dependencies)
    Target 'SDWebImageSwiftUI' in project 'Pods'
        ➜ Explicit dependency on target 'SDWebImage' in project 'Pods'
        ➜ Explicit dependency on target 'SDWebImageSwiftUI-SDWebImageSwiftUI' in project 'Pods'
    Target 'SDWebImageSwiftUI-SDWebImageSwiftUI' in project 'Pods'
        ➜ Implicit dependency on target 'SDWebImage' in project 'Pods' via options '-framework SDWebImage' in build setting 'OTHER_LDFLAGS'
    Target 'SDWebImage' in project 'Pods'
        ➜ Explicit dependency on target 'SDWebImage-SDWebImage' in project 'Pods'
    Target 'SDWebImage-SDWebImage' in project 'Pods' (no dependencies)

GatherProvisioningInputs

CreateBuildDescription

ClangStatCache /Applications/Xcode.app/Contents/Developer/Toolchains/XcodeDefault.xctoolchain/usr/bin/clang-stat-cache /Applications/Xcode.app/Contents/Developer/Platforms/iPhoneSimulator.platform/Developer/SDKs/iPhoneSimulator26.0.sdk /Users/cfa532/Library/Developer/Xcode/DerivedData/SDKStatCaches.noindex/iphonesimulator26.0-23A339-26257891a6c027eb51374368541b8346.sdkstatcache
    cd /Users/cfa532/Documents/GitHub/Tweet-iOS
    /Applications/Xcode.app/Contents/Developer/Toolchains/XcodeDefault.xctoolchain/usr/bin/clang-stat-cache /Applications/Xcode.app/Contents/Developer/Platforms/iPhoneSimulator.platform/Developer/SDKs/iPhoneSimulator26.0.sdk -o /Users/cfa532/Library/Developer/Xcode/DerivedData/SDKStatCaches.noindex/iphonesimulator26.0-23A339-26257891a6c027eb51374368541b8346.sdkstatcache

** BUILD SUCCEEDED **

