Command line invocation:
    /Applications/Xcode.app/Contents/Developer/usr/bin/xcodebuild -workspace Tweet.xcworkspace -scheme Tweet -configuration Debug -destination generic/platform=iOS build CODE_SIGN_IDENTITY= CODE_SIGNING_REQUIRED=NO

Build settings from command line:
    CODE_SIGN_IDENTITY = 
    CODE_SIGNING_REQUIRED = NO

note: Using codesigning identity override: 
ComputePackagePrebuildTargetDependencyGraph

Prepare packages

CreateBuildRequest

SendProjectDescription

CreateBuildOperation

ComputeTargetDependencyGraph
note: Building targets in dependency order
note: Target dependency graph (8 targets)
    Target 'Tweet' in project 'Tweet'
        ➜ Implicit dependency on target 'Pods-Tweet' in project 'Pods' via file 'Pods_Tweet.framework' in build phase 'Link Binary'
        ➜ Implicit dependency on target 'SDWebImage' in project 'Pods' via options '-framework SDWebImage' in build setting 'OTHER_LDFLAGS'
        ➜ Implicit dependency on target 'SDWebImageSwiftUI' in project 'Pods' via options '-framework SDWebImageSwiftUI' in build setting 'OTHER_LDFLAGS'
        ➜ Implicit dependency on target 'hprose' in project 'Pods' via options '-framework hprose' in build setting 'OTHER_LDFLAGS'
    Target 'Pods-Tweet' in project 'Pods'
        ➜ Explicit dependency on target 'SDWebImage' in project 'Pods'
        ➜ Explicit dependency on target 'SDWebImageSwiftUI' in project 'Pods'
        ➜ Explicit dependency on target 'ffmpeg-kit-ios' in project 'Pods'
        ➜ Explicit dependency on target 'hprose' in project 'Pods'
    Target 'hprose' in project 'Pods' (no dependencies)
    Target 'ffmpeg-kit-ios' in project 'Pods' (no dependencies)
    Target 'SDWebImageSwiftUI' in project 'Pods'
        ➜ Explicit dependency on target 'SDWebImage' in project 'Pods'
        ➜ Explicit dependency on target 'SDWebImageSwiftUI-SDWebImageSwiftUI' in project 'Pods'
    Target 'SDWebImageSwiftUI-SDWebImageSwiftUI' in project 'Pods'
        ➜ Implicit dependency on target 'SDWebImage' in project 'Pods' via options '-framework SDWebImage' in build setting 'OTHER_LDFLAGS'
    Target 'SDWebImage' in project 'Pods'
        ➜ Explicit dependency on target 'SDWebImage-SDWebImage' in project 'Pods'
    Target 'SDWebImage-SDWebImage' in project 'Pods' (no dependencies)

GatherProvisioningInputs

CreateBuildDescription

ExecuteExternalTool /Applications/Xcode.app/Contents/Developer/Toolchains/XcodeDefault.xctoolchain/usr/bin/clang -v -E -dM -isysroot /Applications/Xcode.app/Contents/Developer/Platforms/iPhoneOS.platform/Developer/SDKs/iPhoneOS26.0.sdk -x c -c /dev/null

ExecuteExternalTool /Applications/Xcode.app/Contents/Developer/Toolchains/XcodeDefault.xctoolchain/usr/bin/clang -v -E -dM -arch arm64 -isysroot /Applications/Xcode.app/Contents/Developer/Platforms/iPhoneOS.platform/Developer/SDKs/iPhoneOS26.0.sdk -x c -c /dev/null

ExecuteExternalTool /Applications/Xcode.app/Contents/Developer/usr/bin/momc --dry-run --action generate --swift-version 5.0 --sdkroot /Applications/Xcode.app/Contents/Developer/Platforms/iPhoneOS.platform/Developer/SDKs/iPhoneOS26.0.sdk --iphoneos-deployment-target 18.0 --module Tweet /Users/cfa532/Documents/GitHub/Tweet-iOS/TweetModel.xcdatamodeld /Users/cfa532/Library/Developer/Xcode/DerivedData/Tweet-errgxdroldfumhdkieiumjzyonvv/Build/Intermediates.noindex/Tweet.build/Debug-iphoneos/Tweet.build/DerivedSources/CoreDataGenerated/TweetModel

ExecuteExternalTool /Applications/Xcode.app/Contents/Developer/usr/bin/actool --print-asset-tag-combinations --output-format xml1 /Users/cfa532/Documents/GitHub/Tweet-iOS/Tweet/Preview Content/Assets.xcassets /Users/cfa532/Documents/GitHub/Tweet-iOS/Tweet/Assets.xcassets

ExecuteExternalTool /Applications/Xcode.app/Contents/Developer/usr/bin/actool --version --output-format xml1

ExecuteExternalTool /Applications/Xcode.app/Contents/Developer/Toolchains/XcodeDefault.xctoolchain/usr/bin/swiftc --version

ExecuteExternalTool /Applications/Xcode.app/Contents/Developer/Toolchains/XcodeDefault.xctoolchain/usr/bin/clang -v -E -dM -arch arm64 -isysroot /Applications/Xcode.app/Contents/Developer/Platforms/iPhoneOS.platform/Developer/SDKs/iPhoneOS26.0.sdk -x objective-c -c /dev/null

ExecuteExternalTool /Applications/Xcode.app/Contents/Developer/Toolchains/XcodeDefault.xctoolchain/usr/bin/libtool -V

ExecuteExternalTool /Applications/Xcode.app/Contents/Developer/Toolchains/XcodeDefault.xctoolchain/usr/bin/ld -version_details

Build description signature: 31c7c40662ff6a840ab568b6db95b020
Build description path: /Users/cfa532/Library/Developer/Xcode/DerivedData/Tweet-errgxdroldfumhdkieiumjzyonvv/Build/Intermediates.noindex/XCBuildData/31c7c40662ff6a840ab568b6db95b020.xcbuilddata
ClangStatCache /Applications/Xcode.app/Contents/Developer/Toolchains/XcodeDefault.xctoolchain/usr/bin/clang-stat-cache /Applications/Xcode.app/Contents/Developer/Platforms/iPhoneOS.platform/Developer/SDKs/iPhoneOS26.0.sdk /Users/cfa532/Library/Developer/Xcode/DerivedData/SDKStatCaches.noindex/iphoneos26.0-23A339-81ce72e5b06c9602b9d30b56f2eed08a.sdkstatcache
    cd /Users/cfa532/Documents/GitHub/Tweet-iOS
    /Applications/Xcode.app/Contents/Developer/Toolchains/XcodeDefault.xctoolchain/usr/bin/clang-stat-cache /Applications/Xcode.app/Contents/Developer/Platforms/iPhoneOS.platform/Developer/SDKs/iPhoneOS26.0.sdk -o /Users/cfa532/Library/Developer/Xcode/DerivedData/SDKStatCaches.noindex/iphoneos26.0-23A339-81ce72e5b06c9602b9d30b56f2eed08a.sdkstatcache

ProcessInfoPlistFile /Users/cfa532/Library/Developer/Xcode/DerivedData/Tweet-errgxdroldfumhdkieiumjzyonvv/Build/Products/Debug-iphoneos/SDWebImage/SDWebImage.bundle/Info.plist /Users/cfa532/Documents/GitHub/Tweet-iOS/Pods/Target\ Support\ Files/SDWebImage/ResourceBundle-SDWebImage-SDWebImage-Info.plist (in target 'SDWebImage-SDWebImage' from project 'Pods')
    cd /Users/cfa532/Documents/GitHub/Tweet-iOS/Pods
    builtin-infoPlistUtility /Users/cfa532/Documents/GitHub/Tweet-iOS/Pods/Target\ Support\ Files/SDWebImage/ResourceBundle-SDWebImage-SDWebImage-Info.plist -producttype com.apple.product-type.bundle -expandbuildsettings -format binary -platform iphoneos -requiredArchitecture arm64 -o /Users/cfa532/Library/Developer/Xcode/DerivedData/Tweet-errgxdroldfumhdkieiumjzyonvv/Build/Products/Debug-iphoneos/SDWebImage/SDWebImage.bundle/Info.plist

PhaseScriptExecution [CP]\ Copy\ XCFrameworks /Users/cfa532/Library/Developer/Xcode/DerivedData/Tweet-errgxdroldfumhdkieiumjzyonvv/Build/Intermediates.noindex/Pods.build/Debug-iphoneos/ffmpeg-kit-ios.build/Script-082C68DA05B2FC4B432459B05CE1037A.sh (in target 'ffmpeg-kit-ios' from project 'Pods')
    cd /Users/cfa532/Documents/GitHub/Tweet-iOS/Pods
    /bin/sh -c /Users/cfa532/Library/Developer/Xcode/DerivedData/Tweet-errgxdroldfumhdkieiumjzyonvv/Build/Intermediates.noindex/Pods.build/Debug-iphoneos/ffmpeg-kit-ios.build/Script-082C68DA05B2FC4B432459B05CE1037A.sh
Selected xcframework slice ios-arm64
rsync --delete -av --filter P .*.?????? --links --filter "- CVS/" --filter "- .svn/" --filter "- .git/" --filter "- .hg/" "/Users/cfa532/Documents/GitHub/Tweet-iOS/Pods/ffmpeg-kit-ios/Frameworks/ffmpegkit.xcframework/ios-arm64/*" "/Users/cfa532/Library/Developer/Xcode/DerivedData/Tweet-errgxdroldfumhdkieiumjzyonvv/Build/Products/Debug-iphoneos/XCFrameworkIntermediates/ffmpeg-kit-ios"
Transfer starting: 44 files

sent 3074 bytes  received 20 bytes  1473333 bytes/sec
total size is 754791  speedup is 243.95
Copied /Users/cfa532/Documents/GitHub/Tweet-iOS/Pods/ffmpeg-kit-ios/Frameworks/ffmpegkit.xcframework/ios-arm64 to /Users/cfa532/Library/Developer/Xcode/DerivedData/Tweet-errgxdroldfumhdkieiumjzyonvv/Build/Products/Debug-iphoneos/XCFrameworkIntermediates/ffmpeg-kit-ios
Selected xcframework slice ios-arm64
rsync --delete -av --filter P .*.?????? --links --filter "- CVS/" --filter "- .svn/" --filter "- .git/" --filter "- .hg/" "/Users/cfa532/Documents/GitHub/Tweet-iOS/Pods/ffmpeg-kit-ios/Frameworks/libavcodec.xcframework/ios-arm64/*" "/Users/cfa532/Library/Developer/Xcode/DerivedData/Tweet-errgxdroldfumhdkieiumjzyonvv/Build/Products/Debug-iphoneos/XCFrameworkIntermediates/ffmpeg-kit-ios"
Transfer starting: 72 files

sent 4503 bytes  received 20 bytes  1459032 bytes/sec
total size is 14916696  speedup is 3297.96
Copied /Users/cfa532/Documents/GitHub/Tweet-iOS/Pods/ffmpeg-kit-ios/Frameworks/libavcodec.xcframework/ios-arm64 to /Users/cfa532/Library/Developer/Xcode/DerivedData/Tweet-errgxdroldfumhdkieiumjzyonvv/Build/Products/Debug-iphoneos/XCFrameworkIntermediates/ffmpeg-kit-ios
Selected xcframework slice ios-arm64
rsync --delete -av --filter P .*.?????? --links --filter "- CVS/" --filter "- .svn/" --filter "- .git/" --filter "- .hg/" "/Users/cfa532/Documents/GitHub/Tweet-iOS/Pods/ffmpeg-kit-ios/Frameworks/libavdevice.xcframework/ios-arm64/*" "/Users/cfa532/Library/Developer/Xcode/DerivedData/Tweet-errgxdroldfumhdkieiumjzyonvv/Build/Products/Debug-iphoneos/XCFrameworkIntermediates/ffmpeg-kit-ios"
Transfer starting: 8 files

sent 579 bytes  received 20 bytes  5990000 bytes/sec
total size is 149116  speedup is 248.94
Copied /Users/cfa532/Documents/GitHub/Tweet-iOS/Pods/ffmpeg-kit-ios/Frameworks/libavdevice.xcframework/ios-arm64 to /Users/cfa532/Library/Developer/Xcode/DerivedData/Tweet-errgxdroldfumhdkieiumjzyonvv/Build/Products/Debug-iphoneos/XCFrameworkIntermediates/ffmpeg-kit-ios
Selected xcframework slice ios-arm64
rsync --delete -av --filter P .*.?????? --links --filter "- CVS/" --filter "- .svn/" --filter "- .git/" --filter "- .hg/" "/Users/cfa532/Documents/GitHub/Tweet-iOS/Pods/ffmpeg-kit-ios/Frameworks/libavfilter.xcframework/ios-arm64/*" "/Users/cfa532/Library/Developer/Xcode/DerivedData/Tweet-errgxdroldfumhdkieiumjzyonvv/Build/Products/Debug-iphoneos/XCFrameworkIntermediates/ffmpeg-kit-ios"
Transfer starting: 10 files

sent 712 bytes  received 20 bytes  665454 bytes/sec
total size is 4564826  speedup is 6236.09
Copied /Users/cfa532/Documents/GitHub/Tweet-iOS/Pods/ffmpeg-kit-ios/Frameworks/libavfilter.xcframework/ios-arm64 to /Users/cfa532/Library/Developer/Xcode/DerivedData/Tweet-errgxdroldfumhdkieiumjzyonvv/Build/Products/Debug-iphoneos/XCFrameworkIntermediates/ffmpeg-kit-ios
Selected xcframework slice ios-arm64
rsync --delete -av --filter P .*.?????? --links --filter "- CVS/" --filter "- .svn/" --filter "- .git/" --filter "- .hg/" "/Users/cfa532/Documents/GitHub/Tweet-iOS/Pods/ffmpeg-kit-ios/Frameworks/libavformat.xcframework/ios-arm64/*" "/Users/cfa532/Library/Developer/Xcode/DerivedData/Tweet-errgxdroldfumhdkieiumjzyonvv/Build/Products/Debug-iphoneos/XCFrameworkIntermediates/ffmpeg-kit-ios"
Transfer starting: 12 files

sent 831 bytes  received 20 bytes  773636 bytes/sec
total size is 3863479  speedup is 4539.92
Copied /Users/cfa532/Documents/GitHub/Tweet-iOS/Pods/ffmpeg-kit-ios/Frameworks/libavformat.xcframework/ios-arm64 to /Users/cfa532/Library/Developer/Xcode/DerivedData/Tweet-errgxdroldfumhdkieiumjzyonvv/Build/Products/Debug-iphoneos/XCFrameworkIntermediates/ffmpeg-kit-ios
Selected xcframework slice ios-arm64
rsync --delete -av --filter P .*.?????? --links --filter "- CVS/" --filter "- .svn/" --filter "- .git/" --filter "- .hg/" "/Users/cfa532/Documents/GitHub/Tweet-iOS/Pods/ffmpeg-kit-ios/Frameworks/libavutil.xcframework/ios-arm64/*" "/Users/cfa532/Library/Developer/Xcode/DerivedData/Tweet-errgxdroldfumhdkieiumjzyonvv/Build/Products/Debug-iphoneos/XCFrameworkIntermediates/ffmpeg-kit-ios"
Transfer starting: 112 files

sent 7180 bytes  received 20 bytes  1756097 bytes/sec
total size is 1262200  speedup is 175.31
Copied /Users/cfa532/Documents/GitHub/Tweet-iOS/Pods/ffmpeg-kit-ios/Frameworks/libavutil.xcframework/ios-arm64 to /Users/cfa532/Library/Developer/Xcode/DerivedData/Tweet-errgxdroldfumhdkieiumjzyonvv/Build/Products/Debug-iphoneos/XCFrameworkIntermediates/ffmpeg-kit-ios
Selected xcframework slice ios-arm64
rsync --delete -av --filter P .*.?????? --links --filter "- CVS/" --filter "- .svn/" --filter "- .git/" --filter "- .hg/" "/Users/cfa532/Documents/GitHub/Tweet-iOS/Pods/ffmpeg-kit-ios/Frameworks/libswresample.xcframework/ios-arm64/*" "/Users/cfa532/Library/Developer/Xcode/DerivedData/Tweet-errgxdroldfumhdkieiumjzyonvv/Build/Products/Debug-iphoneos/XCFrameworkIntermediates/ffmpeg-kit-ios"
Transfer starting: 8 files

sent 599 bytes  received 20 bytes  562727 bytes/sec
total size is 283378  speedup is 457.80
Copied /Users/cfa532/Documents/GitHub/Tweet-iOS/Pods/ffmpeg-kit-ios/Frameworks/libswresample.xcframework/ios-arm64 to /Users/cfa532/Library/Developer/Xcode/DerivedData/Tweet-errgxdroldfumhdkieiumjzyonvv/Build/Products/Debug-iphoneos/XCFrameworkIntermediates/ffmpeg-kit-ios
Selected xcframework slice ios-arm64
rsync --delete -av --filter P .*.?????? --links --filter "- CVS/" --filter "- .svn/" --filter "- .git/" --filter "- .hg/" "/Users/cfa532/Documents/GitHub/Tweet-iOS/Pods/ffmpeg-kit-ios/Frameworks/libswscale.xcframework/ios-arm64/*" "/Users/cfa532/Library/Developer/Xcode/DerivedData/Tweet-errgxdroldfumhdkieiumjzyonvv/Build/Products/Debug-iphoneos/XCFrameworkIntermediates/ffmpeg-kit-ios"
Transfer starting: 8 files

sent 569 bytes  received 20 bytes  5890000 bytes/sec
total size is 405242  speedup is 688.02
Copied /Users/cfa532/Documents/GitHub/Tweet-iOS/Pods/ffmpeg-kit-ios/Frameworks/libswscale.xcframework/ios-arm64 to /Users/cfa532/Library/Developer/Xcode/DerivedData/Tweet-errgxdroldfumhdkieiumjzyonvv/Build/Products/Debug-iphoneos/XCFrameworkIntermediates/ffmpeg-kit-ios

ProcessInfoPlistFile /Users/cfa532/Library/Developer/Xcode/DerivedData/Tweet-errgxdroldfumhdkieiumjzyonvv/Build/Products/Debug-iphoneos/hprose/hprose.framework/Info.plist /Users/cfa532/Documents/GitHub/Tweet-iOS/Pods/Target\ Support\ Files/hprose/hprose-Info.plist (in target 'hprose' from project 'Pods')
    cd /Users/cfa532/Documents/GitHub/Tweet-iOS/Pods
    builtin-infoPlistUtility /Users/cfa532/Documents/GitHub/Tweet-iOS/Pods/Target\ Support\ Files/hprose/hprose-Info.plist -producttype com.apple.product-type.framework -expandbuildsettings -format binary -platform iphoneos -requiredArchitecture arm64 -o /Users/cfa532/Library/Developer/Xcode/DerivedData/Tweet-errgxdroldfumhdkieiumjzyonvv/Build/Products/Debug-iphoneos/hprose/hprose.framework/Info.plist

ProcessInfoPlistFile /Users/cfa532/Library/Developer/Xcode/DerivedData/Tweet-errgxdroldfumhdkieiumjzyonvv/Build/Products/Debug-iphoneos/SDWebImage/SDWebImage.framework/Info.plist /Users/cfa532/Documents/GitHub/Tweet-iOS/Pods/Target\ Support\ Files/SDWebImage/SDWebImage-Info.plist (in target 'SDWebImage' from project 'Pods')
    cd /Users/cfa532/Documents/GitHub/Tweet-iOS/Pods
    builtin-infoPlistUtility /Users/cfa532/Documents/GitHub/Tweet-iOS/Pods/Target\ Support\ Files/SDWebImage/SDWebImage-Info.plist -producttype com.apple.product-type.framework -expandbuildsettings -format binary -platform iphoneos -requiredArchitecture arm64 -o /Users/cfa532/Library/Developer/Xcode/DerivedData/Tweet-errgxdroldfumhdkieiumjzyonvv/Build/Products/Debug-iphoneos/SDWebImage/SDWebImage.framework/Info.plist

CpResource /Users/cfa532/Library/Developer/Xcode/DerivedData/Tweet-errgxdroldfumhdkieiumjzyonvv/Build/Products/Debug-iphoneos/SDWebImage/SDWebImage.framework/SDWebImage.bundle /Users/cfa532/Library/Developer/Xcode/DerivedData/Tweet-errgxdroldfumhdkieiumjzyonvv/Build/Products/Debug-iphoneos/SDWebImage/SDWebImage.bundle (in target 'SDWebImage' from project 'Pods')
    cd /Users/cfa532/Documents/GitHub/Tweet-iOS/Pods
    builtin-copy -exclude .DS_Store -exclude CVS -exclude .svn -exclude .git -exclude .hg -resolve-src-symlinks /Users/cfa532/Library/Developer/Xcode/DerivedData/Tweet-errgxdroldfumhdkieiumjzyonvv/Build/Products/Debug-iphoneos/SDWebImage/SDWebImage.bundle /Users/cfa532/Library/Developer/Xcode/DerivedData/Tweet-errgxdroldfumhdkieiumjzyonvv/Build/Products/Debug-iphoneos/SDWebImage/SDWebImage.framework

ProcessInfoPlistFile /Users/cfa532/Library/Developer/Xcode/DerivedData/Tweet-errgxdroldfumhdkieiumjzyonvv/Build/Products/Debug-iphoneos/SDWebImageSwiftUI/SDWebImageSwiftUI.bundle/Info.plist /Users/cfa532/Documents/GitHub/Tweet-iOS/Pods/Target\ Support\ Files/SDWebImageSwiftUI/ResourceBundle-SDWebImageSwiftUI-SDWebImageSwiftUI-Info.plist (in target 'SDWebImageSwiftUI-SDWebImageSwiftUI' from project 'Pods')
    cd /Users/cfa532/Documents/GitHub/Tweet-iOS/Pods
    builtin-infoPlistUtility /Users/cfa532/Documents/GitHub/Tweet-iOS/Pods/Target\ Support\ Files/SDWebImageSwiftUI/ResourceBundle-SDWebImageSwiftUI-SDWebImageSwiftUI-Info.plist -producttype com.apple.product-type.bundle -expandbuildsettings -format binary -platform iphoneos -requiredArchitecture arm64 -o /Users/cfa532/Library/Developer/Xcode/DerivedData/Tweet-errgxdroldfumhdkieiumjzyonvv/Build/Products/Debug-iphoneos/SDWebImageSwiftUI/SDWebImageSwiftUI.bundle/Info.plist

ProcessInfoPlistFile /Users/cfa532/Library/Developer/Xcode/DerivedData/Tweet-errgxdroldfumhdkieiumjzyonvv/Build/Products/Debug-iphoneos/SDWebImageSwiftUI/SDWebImageSwiftUI.framework/Info.plist /Users/cfa532/Documents/GitHub/Tweet-iOS/Pods/Target\ Support\ Files/SDWebImageSwiftUI/SDWebImageSwiftUI-Info.plist (in target 'SDWebImageSwiftUI' from project 'Pods')
    cd /Users/cfa532/Documents/GitHub/Tweet-iOS/Pods
    builtin-infoPlistUtility /Users/cfa532/Documents/GitHub/Tweet-iOS/Pods/Target\ Support\ Files/SDWebImageSwiftUI/SDWebImageSwiftUI-Info.plist -producttype com.apple.product-type.framework -expandbuildsettings -format binary -platform iphoneos -requiredArchitecture arm64 -o /Users/cfa532/Library/Developer/Xcode/DerivedData/Tweet-errgxdroldfumhdkieiumjzyonvv/Build/Products/Debug-iphoneos/SDWebImageSwiftUI/SDWebImageSwiftUI.framework/Info.plist

CpResource /Users/cfa532/Library/Developer/Xcode/DerivedData/Tweet-errgxdroldfumhdkieiumjzyonvv/Build/Products/Debug-iphoneos/SDWebImageSwiftUI/SDWebImageSwiftUI.framework/SDWebImageSwiftUI.bundle /Users/cfa532/Library/Developer/Xcode/DerivedData/Tweet-errgxdroldfumhdkieiumjzyonvv/Build/Products/Debug-iphoneos/SDWebImageSwiftUI/SDWebImageSwiftUI.bundle (in target 'SDWebImageSwiftUI' from project 'Pods')
    cd /Users/cfa532/Documents/GitHub/Tweet-iOS/Pods
    builtin-copy -exclude .DS_Store -exclude CVS -exclude .svn -exclude .git -exclude .hg -resolve-src-symlinks /Users/cfa532/Library/Developer/Xcode/DerivedData/Tweet-errgxdroldfumhdkieiumjzyonvv/Build/Products/Debug-iphoneos/SDWebImageSwiftUI/SDWebImageSwiftUI.bundle /Users/cfa532/Library/Developer/Xcode/DerivedData/Tweet-errgxdroldfumhdkieiumjzyonvv/Build/Products/Debug-iphoneos/SDWebImageSwiftUI/SDWebImageSwiftUI.framework

ProcessInfoPlistFile /Users/cfa532/Library/Developer/Xcode/DerivedData/Tweet-errgxdroldfumhdkieiumjzyonvv/Build/Products/Debug-iphoneos/Pods_Tweet.framework/Info.plist /Users/cfa532/Documents/GitHub/Tweet-iOS/Pods/Target\ Support\ Files/Pods-Tweet/Pods-Tweet-Info.plist (in target 'Pods-Tweet' from project 'Pods')
    cd /Users/cfa532/Documents/GitHub/Tweet-iOS/Pods
    builtin-infoPlistUtility /Users/cfa532/Documents/GitHub/Tweet-iOS/Pods/Target\ Support\ Files/Pods-Tweet/Pods-Tweet-Info.plist -producttype com.apple.product-type.framework -expandbuildsettings -format binary -platform iphoneos -requiredArchitecture arm64 -o /Users/cfa532/Library/Developer/Xcode/DerivedData/Tweet-errgxdroldfumhdkieiumjzyonvv/Build/Products/Debug-iphoneos/Pods_Tweet.framework/Info.plist

PhaseScriptExecution [CP]\ Check\ Pods\ Manifest.lock /Users/cfa532/Library/Developer/Xcode/DerivedData/Tweet-errgxdroldfumhdkieiumjzyonvv/Build/Intermediates.noindex/Tweet.build/Debug-iphoneos/Tweet.build/Script-5499E604271535F4C9305C6D.sh (in target 'Tweet' from project 'Tweet')
    cd /Users/cfa532/Documents/GitHub/Tweet-iOS
    /bin/sh -c /Users/cfa532/Library/Developer/Xcode/DerivedData/Tweet-errgxdroldfumhdkieiumjzyonvv/Build/Intermediates.noindex/Tweet.build/Debug-iphoneos/Tweet.build/Script-5499E604271535F4C9305C6D.sh

Ld /Users/cfa532/Library/Developer/Xcode/DerivedData/Tweet-errgxdroldfumhdkieiumjzyonvv/Build/Products/Debug-iphoneos/Tweet.app/__preview.dylib normal (in target 'Tweet' from project 'Tweet')
    cd /Users/cfa532/Documents/GitHub/Tweet-iOS
    /Applications/Xcode.app/Contents/Developer/Toolchains/XcodeDefault.xctoolchain/usr/bin/clang -Xlinker -reproducible -target arm64-apple-ios18.0 -dynamiclib -isysroot /Applications/Xcode.app/Contents/Developer/Platforms/iPhoneOS.platform/Developer/SDKs/iPhoneOS26.0.sdk -O0 -L/Users/cfa532/Library/Developer/Xcode/DerivedData/Tweet-errgxdroldfumhdkieiumjzyonvv/Build/Products/Debug-iphoneos -L/Applications/Xcode.app/Contents/Developer/Toolchains/XcodeDefault.xctoolchain/usr/lib/swift/iphoneos -L/Applications/Xcode.app/Contents/Developer/Platforms/iPhoneOS.platform/Developer/SDKs/iPhoneOS26.0.sdk/usr/lib/swift -F/Users/cfa532/Library/Developer/Xcode/DerivedData/Tweet-errgxdroldfumhdkieiumjzyonvv/Build/Products/Debug-iphoneos -F/Users/cfa532/Library/Developer/Xcode/DerivedData/Tweet-errgxdroldfumhdkieiumjzyonvv/Build/Products/Debug-iphoneos/SDWebImage -F/Users/cfa532/Library/Developer/Xcode/DerivedData/Tweet-errgxdroldfumhdkieiumjzyonvv/Build/Products/Debug-iphoneos/SDWebImageSwiftUI -F/Users/cfa532/Library/Developer/Xcode/DerivedData/Tweet-errgxdroldfumhdkieiumjzyonvv/Build/Products/Debug-iphoneos/hprose -F/Users/cfa532/Documents/GitHub/Tweet-iOS/Pods/ffmpeg-kit-ios/Frameworks -F/Users/cfa532/Library/Developer/Xcode/DerivedData/Tweet-errgxdroldfumhdkieiumjzyonvv/Build/Products/Debug-iphoneos/XCFrameworkIntermediates/ffmpeg-kit-ios -install_name @rpath/Tweet.debug.dylib -dead_strip -rdynamic -Xlinker -no_deduplicate -Xlinker -dependency_info -Xlinker /Users/cfa532/Library/Developer/Xcode/DerivedData/Tweet-errgxdroldfumhdkieiumjzyonvv/Build/Intermediates.noindex/Tweet.build/Debug-iphoneos/Tweet.build/Objects-normal/arm64/Tweet_dependency_info.dat -o /Users/cfa532/Library/Developer/Xcode/DerivedData/Tweet-errgxdroldfumhdkieiumjzyonvv/Build/Products/Debug-iphoneos/Tweet.app/__preview.dylib

Ld /Users/cfa532/Library/Developer/Xcode/DerivedData/Tweet-errgxdroldfumhdkieiumjzyonvv/Build/Products/Debug-iphoneos/Tweet.app/Tweet.debug.dylib normal (in target 'Tweet' from project 'Tweet')
    cd /Users/cfa532/Documents/GitHub/Tweet-iOS
    /Applications/Xcode.app/Contents/Developer/Toolchains/XcodeDefault.xctoolchain/usr/bin/clang -Xlinker -reproducible -target arm64-apple-ios18.0 -dynamiclib -isysroot /Applications/Xcode.app/Contents/Developer/Platforms/iPhoneOS.platform/Developer/SDKs/iPhoneOS26.0.sdk -O0 -L/Users/cfa532/Library/Developer/Xcode/DerivedData/Tweet-errgxdroldfumhdkieiumjzyonvv/Build/Intermediates.noindex/EagerLinkingTBDs/Debug-iphoneos -L/Users/cfa532/Library/Developer/Xcode/DerivedData/Tweet-errgxdroldfumhdkieiumjzyonvv/Build/Products/Debug-iphoneos -L/Applications/Xcode.app/Contents/Developer/Toolchains/XcodeDefault.xctoolchain/usr/lib/swift/iphoneos -L/Applications/Xcode.app/Contents/Developer/Platforms/iPhoneOS.platform/Developer/SDKs/iPhoneOS26.0.sdk/usr/lib/swift -F/Users/cfa532/Library/Developer/Xcode/DerivedData/Tweet-errgxdroldfumhdkieiumjzyonvv/Build/Intermediates.noindex/EagerLinkingTBDs/Debug-iphoneos -F/Users/cfa532/Library/Developer/Xcode/DerivedData/Tweet-errgxdroldfumhdkieiumjzyonvv/Build/Products/Debug-iphoneos -F/Users/cfa532/Library/Developer/Xcode/DerivedData/Tweet-errgxdroldfumhdkieiumjzyonvv/Build/Products/Debug-iphoneos/SDWebImage -F/Users/cfa532/Library/Developer/Xcode/DerivedData/Tweet-errgxdroldfumhdkieiumjzyonvv/Build/Products/Debug-iphoneos/SDWebImageSwiftUI -F/Users/cfa532/Library/Developer/Xcode/DerivedData/Tweet-errgxdroldfumhdkieiumjzyonvv/Build/Products/Debug-iphoneos/hprose -F/Users/cfa532/Documents/GitHub/Tweet-iOS/Pods/ffmpeg-kit-ios/Frameworks -F/Users/cfa532/Library/Developer/Xcode/DerivedData/Tweet-errgxdroldfumhdkieiumjzyonvv/Build/Products/Debug-iphoneos/XCFrameworkIntermediates/ffmpeg-kit-ios -filelist /Users/cfa532/Library/Developer/Xcode/DerivedData/Tweet-errgxdroldfumhdkieiumjzyonvv/Build/Intermediates.noindex/Tweet.build/Debug-iphoneos/Tweet.build/Objects-normal/arm64/Tweet.LinkFileList -install_name @rpath/Tweet.debug.dylib -Xlinker -rpath -Xlinker /usr/lib/swift -Xlinker -rpath -Xlinker @executable_path/Frameworks -Xlinker -rpath -Xlinker @loader_path/Frameworks -dead_strip -Xlinker -object_path_lto -Xlinker /Users/cfa532/Library/Developer/Xcode/DerivedData/Tweet-errgxdroldfumhdkieiumjzyonvv/Build/Intermediates.noindex/Tweet.build/Debug-iphoneos/Tweet.build/Objects-normal/arm64/Tweet_lto.o -rdynamic -Xlinker -no_deduplicate -Xlinker -dependency_info -Xlinker /Users/cfa532/Library/Developer/Xcode/DerivedData/Tweet-errgxdroldfumhdkieiumjzyonvv/Build/Intermediates.noindex/Tweet.build/Debug-iphoneos/Tweet.build/Objects-normal/arm64/Tweet_dependency_info.dat -fobjc-link-runtime -L/Applications/Xcode.app/Contents/Developer/Toolchains/XcodeDefault.xctoolchain/usr/lib/swift/iphoneos -L/usr/lib/swift -Xlinker -add_ast_path -Xlinker /Users/cfa532/Library/Developer/Xcode/DerivedData/Tweet-errgxdroldfumhdkieiumjzyonvv/Build/Intermediates.noindex/Tweet.build/Debug-iphoneos/Tweet.build/Objects-normal/arm64/Tweet.swiftmodule -ObjC -framework CFNetwork -framework ImageIO -framework SDWebImage -framework SDWebImageSwiftUI -framework Security -framework ffmpegkit -framework hprose -framework libavcodec -framework libavdevice -framework libavfilter -framework libavformat -framework libavutil -framework libswresample -framework libswscale -weak_framework Combine -weak_framework SwiftUI -framework CFNetwork -framework Security -framework VideoToolbox -framework hprose -lz -lm -lpthread -lbz2 -liconv -Wl,-w -Xlinker -alias -Xlinker _main -Xlinker ___debug_main_executable_dylib_entry_point -framework Pods_Tweet -o /Users/cfa532/Library/Developer/Xcode/DerivedData/Tweet-errgxdroldfumhdkieiumjzyonvv/Build/Products/Debug-iphoneos/Tweet.app/Tweet.debug.dylib

ProcessInfoPlistFile /Users/cfa532/Library/Developer/Xcode/DerivedData/Tweet-errgxdroldfumhdkieiumjzyonvv/Build/Products/Debug-iphoneos/Tweet.app/Info.plist /Users/cfa532/Documents/GitHub/Tweet-iOS/Tweet/Info.plist (in target 'Tweet' from project 'Tweet')
    cd /Users/cfa532/Documents/GitHub/Tweet-iOS
    builtin-infoPlistUtility /Users/cfa532/Documents/GitHub/Tweet-iOS/Tweet/Info.plist -producttype com.apple.product-type.application -genpkginfo /Users/cfa532/Library/Developer/Xcode/DerivedData/Tweet-errgxdroldfumhdkieiumjzyonvv/Build/Products/Debug-iphoneos/Tweet.app/PkgInfo -expandbuildsettings -format binary -platform iphoneos -additionalcontentfile /Users/cfa532/Library/Developer/Xcode/DerivedData/Tweet-errgxdroldfumhdkieiumjzyonvv/Build/Intermediates.noindex/Tweet.build/Debug-iphoneos/Tweet.build/assetcatalog_generated_info.plist -requiredArchitecture arm64 -o /Users/cfa532/Library/Developer/Xcode/DerivedData/Tweet-errgxdroldfumhdkieiumjzyonvv/Build/Products/Debug-iphoneos/Tweet.app/Info.plist

ConstructStubExecutorLinkFileList /Users/cfa532/Library/Developer/Xcode/DerivedData/Tweet-errgxdroldfumhdkieiumjzyonvv/Build/Intermediates.noindex/Tweet.build/Debug-iphoneos/Tweet.build/Tweet-ExecutorLinkFileList-normal-arm64.txt (in target 'Tweet' from project 'Tweet')
    cd /Users/cfa532/Documents/GitHub/Tweet-iOS
    construct-stub-executor-link-file-list /Users/cfa532/Library/Developer/Xcode/DerivedData/Tweet-errgxdroldfumhdkieiumjzyonvv/Build/Products/Debug-iphoneos/Tweet.app/Tweet.debug.dylib /Applications/Xcode.app/Contents/Developer/Platforms/iPhoneOS.platform/Developer/usr/lib/libPreviewsJITStubExecutor_no_swift_entry_point.a /Applications/Xcode.app/Contents/Developer/Platforms/iPhoneOS.platform/Developer/usr/lib/libPreviewsJITStubExecutor.a --output /Users/cfa532/Library/Developer/Xcode/DerivedData/Tweet-errgxdroldfumhdkieiumjzyonvv/Build/Intermediates.noindex/Tweet.build/Debug-iphoneos/Tweet.build/Tweet-ExecutorLinkFileList-normal-arm64.txt
note: Using stub executor library with Swift entry point. (in target 'Tweet' from project 'Tweet')

Ld /Users/cfa532/Library/Developer/Xcode/DerivedData/Tweet-errgxdroldfumhdkieiumjzyonvv/Build/Products/Debug-iphoneos/Tweet.app/Tweet normal (in target 'Tweet' from project 'Tweet')
    cd /Users/cfa532/Documents/GitHub/Tweet-iOS
    /Applications/Xcode.app/Contents/Developer/Toolchains/XcodeDefault.xctoolchain/usr/bin/clang -Xlinker -reproducible -target arm64-apple-ios18.0 -isysroot /Applications/Xcode.app/Contents/Developer/Platforms/iPhoneOS.platform/Developer/SDKs/iPhoneOS26.0.sdk -O0 -L/Users/cfa532/Library/Developer/Xcode/DerivedData/Tweet-errgxdroldfumhdkieiumjzyonvv/Build/Products/Debug-iphoneos -L/Applications/Xcode.app/Contents/Developer/Toolchains/XcodeDefault.xctoolchain/usr/lib/swift/iphoneos -L/Applications/Xcode.app/Contents/Developer/Platforms/iPhoneOS.platform/Developer/SDKs/iPhoneOS26.0.sdk/usr/lib/swift -F/Users/cfa532/Library/Developer/Xcode/DerivedData/Tweet-errgxdroldfumhdkieiumjzyonvv/Build/Products/Debug-iphoneos -F/Users/cfa532/Library/Developer/Xcode/DerivedData/Tweet-errgxdroldfumhdkieiumjzyonvv/Build/Products/Debug-iphoneos/SDWebImage -F/Users/cfa532/Library/Developer/Xcode/DerivedData/Tweet-errgxdroldfumhdkieiumjzyonvv/Build/Products/Debug-iphoneos/SDWebImageSwiftUI -F/Users/cfa532/Library/Developer/Xcode/DerivedData/Tweet-errgxdroldfumhdkieiumjzyonvv/Build/Products/Debug-iphoneos/hprose -F/Users/cfa532/Documents/GitHub/Tweet-iOS/Pods/ffmpeg-kit-ios/Frameworks -F/Users/cfa532/Library/Developer/Xcode/DerivedData/Tweet-errgxdroldfumhdkieiumjzyonvv/Build/Products/Debug-iphoneos/XCFrameworkIntermediates/ffmpeg-kit-ios -Xlinker -rpath -Xlinker @executable_path -Xlinker -rpath -Xlinker /usr/lib/swift -Xlinker -rpath -Xlinker @executable_path/Frameworks -Xlinker -rpath -Xlinker @loader_path/Frameworks -rdynamic -Xlinker -no_deduplicate -e ___debug_blank_executor_main -Xlinker -sectcreate -Xlinker __TEXT -Xlinker __debug_dylib -Xlinker /Users/cfa532/Library/Developer/Xcode/DerivedData/Tweet-errgxdroldfumhdkieiumjzyonvv/Build/Intermediates.noindex/Tweet.build/Debug-iphoneos/Tweet.build/Tweet-DebugDylibPath-normal-arm64.txt -Xlinker -sectcreate -Xlinker __TEXT -Xlinker __debug_instlnm -Xlinker /Users/cfa532/Library/Developer/Xcode/DerivedData/Tweet-errgxdroldfumhdkieiumjzyonvv/Build/Intermediates.noindex/Tweet.build/Debug-iphoneos/Tweet.build/Tweet-DebugDylibInstallName-normal-arm64.txt -Xlinker -filelist -Xlinker /Users/cfa532/Library/Developer/Xcode/DerivedData/Tweet-errgxdroldfumhdkieiumjzyonvv/Build/Intermediates.noindex/Tweet.build/Debug-iphoneos/Tweet.build/Tweet-ExecutorLinkFileList-normal-arm64.txt /Users/cfa532/Library/Developer/Xcode/DerivedData/Tweet-errgxdroldfumhdkieiumjzyonvv/Build/Products/Debug-iphoneos/Tweet.app/Tweet.debug.dylib -o /Users/cfa532/Library/Developer/Xcode/DerivedData/Tweet-errgxdroldfumhdkieiumjzyonvv/Build/Products/Debug-iphoneos/Tweet.app/Tweet

PhaseScriptExecution [CP]\ Embed\ Pods\ Frameworks /Users/cfa532/Library/Developer/Xcode/DerivedData/Tweet-errgxdroldfumhdkieiumjzyonvv/Build/Intermediates.noindex/Tweet.build/Debug-iphoneos/Tweet.build/Script-9C5162FBFA79188DC00146B1.sh (in target 'Tweet' from project 'Tweet')
    cd /Users/cfa532/Documents/GitHub/Tweet-iOS
    /bin/sh -c /Users/cfa532/Library/Developer/Xcode/DerivedData/Tweet-errgxdroldfumhdkieiumjzyonvv/Build/Intermediates.noindex/Tweet.build/Debug-iphoneos/Tweet.build/Script-9C5162FBFA79188DC00146B1.sh
mkdir -p /Users/cfa532/Library/Developer/Xcode/DerivedData/Tweet-errgxdroldfumhdkieiumjzyonvv/Build/Products/Debug-iphoneos/Tweet.app/Frameworks
rsync --delete -av --filter P .*.?????? --links --filter "- CVS/" --filter "- .svn/" --filter "- .git/" --filter "- .hg/" --filter "- Headers" --filter "- PrivateHeaders" --filter "- Modules" "/Users/cfa532/Library/Developer/Xcode/DerivedData/Tweet-errgxdroldfumhdkieiumjzyonvv/Build/Products/Debug-iphoneos/SDWebImage/SDWebImage.framework" "/Users/cfa532/Library/Developer/Xcode/DerivedData/Tweet-errgxdroldfumhdkieiumjzyonvv/Build/Products/Debug-iphoneos/Tweet.app/Frameworks"
Transfer starting: 6 files
SDWebImage.framework/_CodeSignature/CodeResources: deleting
SDWebImage.framework/_CodeSignature: deleting
SDWebImage.framework/
SDWebImage.framework/SDWebImage
SDWebImage.framework/SDWebImage.bundle/
SDWebImage.framework/SDWebImage.bundle/Info.plist
SDWebImage.framework/SDWebImage.bundle/PrivacyInfo.xcprivacy

sent 1057500 bytes  received 98 bytes  207372156 bytes/sec
total size is 1057478  speedup is 1.00
rsync --delete -av --filter P .*.?????? --links --filter "- CVS/" --filter "- .svn/" --filter "- .git/" --filter "- .hg/" --filter "- Headers" --filter "- PrivateHeaders" --filter "- Modules" "/Users/cfa532/Library/Developer/Xcode/DerivedData/Tweet-errgxdroldfumhdkieiumjzyonvv/Build/Products/Debug-iphoneos/SDWebImageSwiftUI/SDWebImageSwiftUI.framework" "/Users/cfa532/Library/Developer/Xcode/DerivedData/Tweet-errgxdroldfumhdkieiumjzyonvv/Build/Products/Debug-iphoneos/Tweet.app/Frameworks"
Transfer starting: 6 files
SDWebImageSwiftUI.framework/_CodeSignature/CodeResources: deleting
SDWebImageSwiftUI.framework/_CodeSignature: deleting
SDWebImageSwiftUI.framework/
SDWebImageSwiftUI.framework/SDWebImageSwiftUI
SDWebImageSwiftUI.framework/SDWebImageSwiftUI.bundle/
SDWebImageSwiftUI.framework/SDWebImageSwiftUI.bundle/Info.plist
SDWebImageSwiftUI.framework/SDWebImageSwiftUI.bundle/PrivacyInfo.xcprivacy

sent 905138 bytes  received 98 bytes  220789268 bytes/sec
total size is 905081  speedup is 1.00
rsync --delete -av --filter P .*.?????? --links --filter "- CVS/" --filter "- .svn/" --filter "- .git/" --filter "- .hg/" --filter "- Headers" --filter "- PrivateHeaders" --filter "- Modules" "/Users/cfa532/Library/Developer/Xcode/DerivedData/Tweet-errgxdroldfumhdkieiumjzyonvv/Build/Products/Debug-iphoneos/hprose/hprose.framework" "/Users/cfa532/Library/Developer/Xcode/DerivedData/Tweet-errgxdroldfumhdkieiumjzyonvv/Build/Products/Debug-iphoneos/Tweet.app/Frameworks"
Transfer starting: 3 files
hprose.framework/_CodeSignature/CodeResources: deleting
hprose.framework/_CodeSignature: deleting
hprose.framework/
hprose.framework/hprose

sent 682286 bytes  received 48 bytes  220107741 bytes/sec
total size is 682639  speedup is 1.00
rsync --delete -av --filter P .*.?????? --links --filter "- CVS/" --filter "- .svn/" --filter "- .git/" --filter "- .hg/" --filter "- Headers" --filter "- PrivateHeaders" --filter "- Modules" "/Users/cfa532/Library/Developer/Xcode/DerivedData/Tweet-errgxdroldfumhdkieiumjzyonvv/Build/Products/Debug-iphoneos/XCFrameworkIntermediates/ffmpeg-kit-ios/ffmpegkit.framework" "/Users/cfa532/Library/Developer/Xcode/DerivedData/Tweet-errgxdroldfumhdkieiumjzyonvv/Build/Products/Debug-iphoneos/Tweet.app/Frameworks"
Transfer starting: 6 files
ffmpegkit.framework/_CodeSignature/CodeResources: deleting
ffmpegkit.framework/_CodeSignature: deleting
ffmpegkit.framework/
ffmpegkit.framework/ffmpegkit

sent 556393 bytes  received 48 bytes  179497096 bytes/sec
total size is 594685  speedup is 1.07
rsync --delete -av --filter P .*.?????? --links --filter "- CVS/" --filter "- .svn/" --filter "- .git/" --filter "- .hg/" --filter "- Headers" --filter "- PrivateHeaders" --filter "- Modules" "/Users/cfa532/Library/Developer/Xcode/DerivedData/Tweet-errgxdroldfumhdkieiumjzyonvv/Build/Products/Debug-iphoneos/XCFrameworkIntermediates/ffmpeg-kit-ios/libavcodec.framework" "/Users/cfa532/Library/Developer/Xcode/DerivedData/Tweet-errgxdroldfumhdkieiumjzyonvv/Build/Products/Debug-iphoneos/Tweet.app/Frameworks"
Transfer starting: 41 files
libavcodec.framework/_CodeSignature/CodeResources: deleting
libavcodec.framework/_CodeSignature: deleting
libavcodec.framework/
libavcodec.framework/libavcodec

sent 14324773 bytes  received 48 bytes  366363708 bytes/sec
total size is 14652106  speedup is 1.02
rsync --delete -av --filter P .*.?????? --links --filter "- CVS/" --filter "- .svn/" --filter "- .git/" --filter "- .hg/" --filter "- Headers" --filter "- PrivateHeaders" --filter "- Modules" "/Users/cfa532/Library/Developer/Xcode/DerivedData/Tweet-errgxdroldfumhdkieiumjzyonvv/Build/Products/Debug-iphoneos/XCFrameworkIntermediates/ffmpeg-kit-ios/libavdevice.framework" "/Users/cfa532/Library/Developer/Xcode/DerivedData/Tweet-errgxdroldfumhdkieiumjzyonvv/Build/Products/Debug-iphoneos/Tweet.app/Frameworks"
Transfer starting: 4 files
libavdevice.framework/_CodeSignature/CodeResources: deleting
libavdevice.framework/_CodeSignature: deleting
libavdevice.framework/
libavdevice.framework/libavdevice

sent 97144 bytes  received 48 bytes  46281904 bytes/sec
total size is 132786  speedup is 1.37
rsync --delete -av --filter P .*.?????? --links --filter "- CVS/" --filter "- .svn/" --filter "- .git/" --filter "- .hg/" --filter "- Headers" --filter "- PrivateHeaders" --filter "- Modules" "/Users/cfa532/Library/Developer/Xcode/DerivedData/Tweet-errgxdroldfumhdkieiumjzyonvv/Build/Products/Debug-iphoneos/XCFrameworkIntermediates/ffmpeg-kit-ios/libavfilter.framework" "/Users/cfa532/Library/Developer/Xcode/DerivedData/Tweet-errgxdroldfumhdkieiumjzyonvv/Build/Products/Debug-iphoneos/Tweet.app/Frameworks"
Transfer starting: 4 files
libavfilter.framework/_CodeSignature/CodeResources: deleting
libavfilter.framework/_CodeSignature: deleting
libavfilter.framework/
libavfilter.framework/libavfilter

sent 4457704 bytes  received 48 bytes  340286412 bytes/sec
total size is 4492808  speedup is 1.01
rsync --delete -av --filter P .*.?????? --links --filter "- CVS/" --filter "- .svn/" --filter "- .git/" --filter "- .hg/" --filter "- Headers" --filter "- PrivateHeaders" --filter "- Modules" "/Users/cfa532/Library/Developer/Xcode/DerivedData/Tweet-errgxdroldfumhdkieiumjzyonvv/Build/Products/Debug-iphoneos/XCFrameworkIntermediates/ffmpeg-kit-ios/libavformat.framework" "/Users/cfa532/Library/Developer/Xcode/DerivedData/Tweet-errgxdroldfumhdkieiumjzyonvv/Build/Products/Debug-iphoneos/Tweet.app/Frameworks"
Transfer starting: 4 files
libavformat.framework/_CodeSignature/CodeResources: deleting
libavformat.framework/_CodeSignature: deleting
libavformat.framework/
libavformat.framework/libavformat

sent 3649236 bytes  received 48 bytes  328764324 bytes/sec
total size is 3684442  speedup is 1.01
rsync --delete -av --filter P .*.?????? --links --filter "- CVS/" --filter "- .svn/" --filter "- .git/" --filter "- .hg/" --filter "- Headers" --filter "- PrivateHeaders" --filter "- Modules" "/Users/cfa532/Library/Developer/Xcode/DerivedData/Tweet-errgxdroldfumhdkieiumjzyonvv/Build/Products/Debug-iphoneos/XCFrameworkIntermediates/ffmpeg-kit-ios/libavutil.framework" "/Users/cfa532/Library/Developer/Xcode/DerivedData/Tweet-errgxdroldfumhdkieiumjzyonvv/Build/Products/Debug-iphoneos/Tweet.app/Frameworks"
Transfer starting: 4 files
libavutil.framework/_CodeSignature/CodeResources: deleting
libavutil.framework/_CodeSignature: deleting
libavutil.framework/
libavutil.framework/libavutil

sent 538318 bytes  received 48 bytes  173666451 bytes/sec
total size is 573908  speedup is 1.07
rsync --delete -av --filter P .*.?????? --links --filter "- CVS/" --filter "- .svn/" --filter "- .git/" --filter "- .hg/" --filter "- Headers" --filter "- PrivateHeaders" --filter "- Modules" "/Users/cfa532/Library/Developer/Xcode/DerivedData/Tweet-errgxdroldfumhdkieiumjzyonvv/Build/Products/Debug-iphoneos/XCFrameworkIntermediates/ffmpeg-kit-ios/libswresample.framework" "/Users/cfa532/Library/Developer/Xcode/DerivedData/Tweet-errgxdroldfumhdkieiumjzyonvv/Build/Products/Debug-iphoneos/Tweet.app/Frameworks"
Transfer starting: 4 files
libswresample.framework/_CodeSignature/CodeResources: deleting
libswresample.framework/_CodeSignature: deleting
libswresample.framework/
libswresample.framework/libswresample

sent 219586 bytes  received 48 bytes  104587619 bytes/sec
total size is 255208  speedup is 1.16
rsync --delete -av --filter P .*.?????? --links --filter "- CVS/" --filter "- .svn/" --filter "- .git/" --filter "- .hg/" --filter "- Headers" --filter "- PrivateHeaders" --filter "- Modules" "/Users/cfa532/Library/Developer/Xcode/DerivedData/Tweet-errgxdroldfumhdkieiumjzyonvv/Build/Products/Debug-iphoneos/XCFrameworkIntermediates/ffmpeg-kit-ios/libswscale.framework" "/Users/cfa532/Library/Developer/Xcode/DerivedData/Tweet-errgxdroldfumhdkieiumjzyonvv/Build/Products/Debug-iphoneos/Tweet.app/Frameworks"
Transfer starting: 4 files
libswscale.framework/_CodeSignature/CodeResources: deleting
libswscale.framework/_CodeSignature: deleting
libswscale.framework/
libswscale.framework/libswscale

sent 350795 bytes  received 48 bytes  167068095 bytes/sec
total size is 386405  speedup is 1.10

CopySwiftLibs /Users/cfa532/Library/Developer/Xcode/DerivedData/Tweet-errgxdroldfumhdkieiumjzyonvv/Build/Products/Debug-iphoneos/Tweet.app (in target 'Tweet' from project 'Tweet')
    cd /Users/cfa532/Documents/GitHub/Tweet-iOS
    builtin-swiftStdLibTool --copy --verbose --scan-executable /Users/cfa532/Library/Developer/Xcode/DerivedData/Tweet-errgxdroldfumhdkieiumjzyonvv/Build/Products/Debug-iphoneos/Tweet.app/Tweet.debug.dylib --scan-folder /Users/cfa532/Library/Developer/Xcode/DerivedData/Tweet-errgxdroldfumhdkieiumjzyonvv/Build/Products/Debug-iphoneos/Tweet.app/Frameworks --scan-folder /Users/cfa532/Library/Developer/Xcode/DerivedData/Tweet-errgxdroldfumhdkieiumjzyonvv/Build/Products/Debug-iphoneos/Tweet.app/PlugIns --scan-folder /Users/cfa532/Library/Developer/Xcode/DerivedData/Tweet-errgxdroldfumhdkieiumjzyonvv/Build/Products/Debug-iphoneos/Tweet.app/SystemExtensions --scan-folder /Users/cfa532/Library/Developer/Xcode/DerivedData/Tweet-errgxdroldfumhdkieiumjzyonvv/Build/Products/Debug-iphoneos/Tweet.app/Extensions --scan-folder /Users/cfa532/Library/Developer/Xcode/DerivedData/Tweet-errgxdroldfumhdkieiumjzyonvv/Build/Products/Debug-iphoneos/Pods_Tweet.framework --platform iphoneos --toolchain /Applications/Xcode.app/Contents/Developer/Toolchains/XcodeDefault.xctoolchain --destination /Users/cfa532/Library/Developer/Xcode/DerivedData/Tweet-errgxdroldfumhdkieiumjzyonvv/Build/Products/Debug-iphoneos/Tweet.app/Frameworks --strip-bitcode --strip-bitcode-tool /Applications/Xcode.app/Contents/Developer/Toolchains/XcodeDefault.xctoolchain/usr/bin/bitcode_strip --emit-dependency-info /Users/cfa532/Library/Developer/Xcode/DerivedData/Tweet-errgxdroldfumhdkieiumjzyonvv/Build/Intermediates.noindex/Tweet.build/Debug-iphoneos/Tweet.build/SwiftStdLibToolInputDependencies.dep --filter-for-swift-os --back-deploy-swift-span
Ignoring --strip-bitcode because --sign was not passed

ExtractAppIntentsMetadata (in target 'Tweet' from project 'Tweet')
    cd /Users/cfa532/Documents/GitHub/Tweet-iOS
    /Applications/Xcode.app/Contents/Developer/Toolchains/XcodeDefault.xctoolchain/usr/bin/appintentsmetadataprocessor --toolchain-dir /Applications/Xcode.app/Contents/Developer/Toolchains/XcodeDefault.xctoolchain --module-name Tweet --sdk-root /Applications/Xcode.app/Contents/Developer/Platforms/iPhoneOS.platform/Developer/SDKs/iPhoneOS26.0.sdk --xcode-version 17A400 --platform-family iOS --deployment-target 18.0 --bundle-identifier com.example.Tweet.debug --output /Users/cfa532/Library/Developer/Xcode/DerivedData/Tweet-errgxdroldfumhdkieiumjzyonvv/Build/Products/Debug-iphoneos/Tweet.app --target-triple arm64-apple-ios18.0 --binary-file /Users/cfa532/Library/Developer/Xcode/DerivedData/Tweet-errgxdroldfumhdkieiumjzyonvv/Build/Products/Debug-iphoneos/Tweet.app/Tweet --dependency-file /Users/cfa532/Library/Developer/Xcode/DerivedData/Tweet-errgxdroldfumhdkieiumjzyonvv/Build/Intermediates.noindex/Tweet.build/Debug-iphoneos/Tweet.build/Objects-normal/arm64/Tweet_dependency_info.dat --stringsdata-file /Users/cfa532/Library/Developer/Xcode/DerivedData/Tweet-errgxdroldfumhdkieiumjzyonvv/Build/Intermediates.noindex/Tweet.build/Debug-iphoneos/Tweet.build/Objects-normal/arm64/ExtractedAppShortcutsMetadata.stringsdata --source-file-list /Users/cfa532/Library/Developer/Xcode/DerivedData/Tweet-errgxdroldfumhdkieiumjzyonvv/Build/Intermediates.noindex/Tweet.build/Debug-iphoneos/Tweet.build/Objects-normal/arm64/Tweet.SwiftFileList --metadata-file-list /Users/cfa532/Library/Developer/Xcode/DerivedData/Tweet-errgxdroldfumhdkieiumjzyonvv/Build/Intermediates.noindex/Tweet.build/Debug-iphoneos/Tweet.build/Tweet.DependencyMetadataFileList --static-metadata-file-list /Users/cfa532/Library/Developer/Xcode/DerivedData/Tweet-errgxdroldfumhdkieiumjzyonvv/Build/Intermediates.noindex/Tweet.build/Debug-iphoneos/Tweet.build/Tweet.DependencyStaticMetadataFileList --swift-const-vals-list /Users/cfa532/Library/Developer/Xcode/DerivedData/Tweet-errgxdroldfumhdkieiumjzyonvv/Build/Intermediates.noindex/Tweet.build/Debug-iphoneos/Tweet.build/Objects-normal/arm64/Tweet.SwiftConstValuesFileList --compile-time-extraction --deployment-aware-processing --validate-assistant-intents --no-app-shortcuts-localization
2025-10-12 23:12:51.294 appintentsmetadataprocessor[15800:9579301] Starting appintentsmetadataprocessor export
2025-10-12 23:12:51.295 appintentsmetadataprocessor[15800:9579301] warning: Metadata extraction skipped. No AppIntents.framework dependency found.

Validate /Users/cfa532/Library/Developer/Xcode/DerivedData/Tweet-errgxdroldfumhdkieiumjzyonvv/Build/Products/Debug-iphoneos/Tweet.app (in target 'Tweet' from project 'Tweet')
    cd /Users/cfa532/Documents/GitHub/Tweet-iOS
    builtin-validationUtility /Users/cfa532/Library/Developer/Xcode/DerivedData/Tweet-errgxdroldfumhdkieiumjzyonvv/Build/Products/Debug-iphoneos/Tweet.app -shallow-bundle -infoplist-subpath Info.plist

note: Removed stale file '/Users/cfa532/Library/Developer/Xcode/DerivedData/Tweet-errgxdroldfumhdkieiumjzyonvv/Build/Intermediates.noindex/Tweet.build/Debug-iphoneos/Tweet.build/DerivedSources/Entitlements.plist'

note: Removed stale file '/Users/cfa532/Library/Developer/Xcode/DerivedData/Tweet-errgxdroldfumhdkieiumjzyonvv/Build/Intermediates.noindex/Tweet.build/Debug-iphoneos/Tweet.build/Tweet.app.xcent'

note: Removed stale file '/Users/cfa532/Library/Developer/Xcode/DerivedData/Tweet-errgxdroldfumhdkieiumjzyonvv/Build/Intermediates.noindex/Tweet.build/Debug-iphoneos/Tweet.build/Tweet.app.xcent.der'

note: Removed stale file '/Users/cfa532/Library/Developer/Xcode/DerivedData/Tweet-errgxdroldfumhdkieiumjzyonvv/Build/Products/Debug-iphoneos/Tweet.app/_CodeSignature'

note: Removed stale file '/Users/cfa532/Library/Developer/Xcode/DerivedData/Tweet-errgxdroldfumhdkieiumjzyonvv/Build/Products/Debug-iphoneos/Tweet.app/embedded.mobileprovision'

** BUILD SUCCEEDED **

